Using pre-set license
Built from '6000.0/staging' branch; Version is '6000.0.33f1 (433b0a79340b) revision 4406026'; Using compiler version '193933523'; Build Type 'Release'
OS: 'Windows 10  (10.0.19045) 64bit Core' Language: 'en' Physical Memory: 15776 MB
BatchMode: 1, IsHumanControllingUs: 0, StartBugReporterOnCrash: 0, Is64bit: 1, IsPro: 1

COMMAND LINE ARGUMENTS:
D:\Unity Editor\6000.0.33f1\Editor\Unity.exe
-adb2
-batchMode
-noUpm
-name
AssetImportWorker11
-projectPath
D:/Unity/FPSController
-logFile
Logs/AssetImportWorker11.log
-srvPort
63189
-job-worker-count
7
-background-job-worker-count
8
-gc-helper-count
1
Successfully changed project path to: D:/Unity/FPSController
D:/Unity/FPSController
[UnityMemory] Configuration Parameters - Can be set up in boot.config
    "memorysetup-bucket-allocator-granularity=16"
    "memorysetup-bucket-allocator-bucket-count=8"
    "memorysetup-bucket-allocator-block-size=33554432"
    "memorysetup-bucket-allocator-block-count=8"
    "memorysetup-main-allocator-block-size=16777216"
    "memorysetup-thread-allocator-block-size=16777216"
    "memorysetup-gfx-main-allocator-block-size=16777216"
    "memorysetup-gfx-thread-allocator-block-size=16777216"
    "memorysetup-cache-allocator-block-size=4194304"
    "memorysetup-typetree-allocator-block-size=2097152"
    "memorysetup-profiler-bucket-allocator-granularity=16"
    "memorysetup-profiler-bucket-allocator-bucket-count=8"
    "memorysetup-profiler-bucket-allocator-block-size=33554432"
    "memorysetup-profiler-bucket-allocator-block-count=8"
    "memorysetup-profiler-allocator-block-size=16777216"
    "memorysetup-profiler-editor-allocator-block-size=1048576"
    "memorysetup-temp-allocator-size-main=16777216"
    "memorysetup-job-temp-allocator-block-size=2097152"
    "memorysetup-job-temp-allocator-block-size-background=1048576"
    "memorysetup-job-temp-allocator-reduction-small-platforms=262144"
    "memorysetup-allocator-temp-initial-block-size-main=262144"
    "memorysetup-allocator-temp-initial-block-size-worker=262144"
    "memorysetup-temp-allocator-size-background-worker=32768"
    "memorysetup-temp-allocator-size-job-worker=262144"
    "memorysetup-temp-allocator-size-preload-manager=33554432"
    "memorysetup-temp-allocator-size-nav-mesh-worker=65536"
    "memorysetup-temp-allocator-size-audio-worker=65536"
    "memorysetup-temp-allocator-size-cloud-worker=32768"
    "memorysetup-temp-allocator-size-gi-baking-worker=262144"
    "memorysetup-temp-allocator-size-gi-baking-worker=262144"
    "memorysetup-temp-allocator-size-gi-baking-worker=262144"
    "memorysetup-temp-allocator-size-gi-baking-worker=262144"
    "memorysetup-temp-allocator-size-gi-baking-worker=262144"
    "memorysetup-temp-allocator-size-gfx=262144"
Player connection [20248]  Target information:

Player connection [20248]  * "[IP] 192.168.1.17 [Port] 0 [Flags] 2 [Guid] 1953173265 [EditorId] 1953173265 [Version] 1048832 [Id] WindowsEditor(7,DESKTOP-B874NK3) [Debug] 1 [PackageName] WindowsEditor [ProjectName] Editor" 

Player connection [20248] Host joined multi-casting on [225.0.0.222:54997]...
Player connection [20248] Host joined alternative multi-casting on [225.0.0.222:34997]...
JobSystem: Creating JobQueue using job-worker-count value 7
[Physics::Module] Initialized fallback backend.
[Physics::Module] Id: 0xdecafbad
Library Redirect Path: Library/
[Physics::Module] Selected backend.
[Physics::Module] Name: PhysX
[Physics::Module] Id: 0xf2b8ea05
[Physics::Module] SDK Version: 4.1.2
[Physics::Module] Integration Version: 1.0.0
[Physics::Module] Threading Mode: Multi-Threaded
Refreshing native plugins compatible for Editor in 1.49 ms, found 3 plugins.
Preloading 0 native plugins for Editor in 0.00 ms.
Initialize engine version: 6000.0.33f1 (433b0a79340b)
[Subsystems] Discovering subsystems at path D:/Unity Editor/6000.0.33f1/Editor/Data/Resources/UnitySubsystems
[Subsystems] Discovering subsystems at path D:/Unity/FPSController/Assets
GfxDevice: creating device client; kGfxThreadingModeNonThreaded
Direct3D:
    Version:  Direct3D 11.0 [level 11.1]
    Renderer: NVIDIA GeForce RTX 3070 Laptop GPU (ID=0x249d)
    Vendor:   NVIDIA
    VRAM:     8020 MB
    Driver:   32.0.15.6614
Initialize mono
Mono path[0] = 'D:/Unity Editor/6000.0.33f1/Editor/Data/Managed'
Mono path[1] = 'D:/Unity Editor/6000.0.33f1/Editor/Data/MonoBleedingEdge/lib/mono/unityjit-win32'
Mono config path = 'D:/Unity Editor/6000.0.33f1/Editor/Data/MonoBleedingEdge/etc'
Using monoOptions --debugger-agent=transport=dt_socket,embedding=1,server=y,suspend=n,address=127.0.0.1:56072
Begin MonoManager ReloadAssembly
Registering precompiled unity dll's ...
Register platform support module: D:/Unity Editor/6000.0.33f1/Editor/Data/PlaybackEngines/WindowsStandaloneSupport/UnityEditor.WindowsStandalone.Extensions.dll
Registered in 0.004085 seconds.
- Loaded All Assemblies, in  0.476 seconds
Native extension for WindowsStandalone target not found
Mono: successfully reloaded assembly
- Finished resetting the current domain, in  0.400 seconds
Domain Reload Profiling: 875ms
	BeginReloadAssembly (161ms)
		ExecutionOrderSort (0ms)
		DisableScriptedObjects (0ms)
		BackupInstance (0ms)
		ReleaseScriptingObjects (0ms)
		CreateAndSetChildDomain (1ms)
	RebuildCommonClasses (59ms)
	RebuildNativeTypeToScriptingClass (15ms)
	initialDomainReloadingComplete (59ms)
	LoadAllAssembliesAndSetupDomain (181ms)
		LoadAssemblies (160ms)
		RebuildTransferFunctionScriptingTraits (0ms)
		AnalyzeDomain (178ms)
			TypeCache.Refresh (176ms)
				TypeCache.ScanAssembly (161ms)
			BuildScriptInfoCaches (0ms)
			ResolveRequiredComponents (1ms)
	FinalizeReload (400ms)
		ReleaseScriptCaches (0ms)
		RebuildScriptCaches (0ms)
		SetupLoadedEditorAssemblies (343ms)
			LogAssemblyErrors (0ms)
			InitializePlatformSupportModulesInManaged (34ms)
			SetLoadedEditorAssemblies (5ms)
			BeforeProcessingInitializeOnLoad (64ms)
			ProcessInitializeOnLoadAttributes (171ms)
			ProcessInitializeOnLoadMethodAttributes (69ms)
			AfterProcessingInitializeOnLoad (0ms)
			EditorAssembliesLoaded (0ms)
		ExecutionOrderSort2 (0ms)
		AwakeInstancesAfterBackupRestoration (0ms)
========================================================================
Worker process is ready to serve import requests
Import Worker Mode flag is 0x00
Begin MonoManager ReloadAssembly
- Loaded All Assemblies, in  1.061 seconds
'Packages/com.unity.render-pipelines.high-definition/Editor/Wizard/HDWizard.UIElement.cs' contains partial class of Unity.Object, exactly 1 of the partial classes needs to be in a file with the same filename. This is to know the one that can be referenced from ie. GameObjects
'Packages/com.unity.render-pipelines.high-definition/Editor/Wizard/HDWizard.Configuration.cs' contains partial class of Unity.Object, exactly 1 of the partial classes needs to be in a file with the same filename. This is to know the one that can be referenced from ie. GameObjects
'Packages/com.unity.render-pipelines.high-definition/Editor/Wizard/HDWizard.Window.cs' contains partial class of Unity.Object, exactly 1 of the partial classes needs to be in a file with the same filename. This is to know the one that can be referenced from ie. GameObjects
Refreshing native plugins compatible for Editor in 0.88 ms, found 3 plugins.
Native extension for WindowsStandalone target not found
Mono: successfully reloaded assembly
- Finished resetting the current domain, in  1.265 seconds
Domain Reload Profiling: 2325ms
	BeginReloadAssembly (214ms)
		ExecutionOrderSort (0ms)
		DisableScriptedObjects (7ms)
		BackupInstance (0ms)
		ReleaseScriptingObjects (0ms)
		CreateAndSetChildDomain (42ms)
	RebuildCommonClasses (43ms)
	RebuildNativeTypeToScriptingClass (14ms)
	initialDomainReloadingComplete (49ms)
	LoadAllAssembliesAndSetupDomain (739ms)
		LoadAssemblies (445ms)
		RebuildTransferFunctionScriptingTraits (0ms)
		AnalyzeDomain (421ms)
			TypeCache.Refresh (311ms)
				TypeCache.ScanAssembly (290ms)
			BuildScriptInfoCaches (91ms)
			ResolveRequiredComponents (15ms)
	FinalizeReload (1266ms)
		ReleaseScriptCaches (0ms)
		RebuildScriptCaches (0ms)
		SetupLoadedEditorAssemblies (1059ms)
			LogAssemblyErrors (0ms)
			InitializePlatformSupportModulesInManaged (3ms)
			SetLoadedEditorAssemblies (6ms)
			BeforeProcessingInitializeOnLoad (146ms)
			ProcessInitializeOnLoadAttributes (562ms)
			ProcessInitializeOnLoadMethodAttributes (336ms)
			AfterProcessingInitializeOnLoad (5ms)
			EditorAssembliesLoaded (0ms)
		ExecutionOrderSort2 (0ms)
		AwakeInstancesAfterBackupRestoration (12ms)
Launched and connected shader compiler UnityShaderCompiler.exe after 0.01 seconds
Refreshing native plugins compatible for Editor in 1.05 ms, found 3 plugins.
Preloading 0 native plugins for Editor in 0.00 ms.
Unloading 503 Unused Serialized files (Serialized files now loaded: 0)
Unloading 7251 unused Assets / (8.0 MB). Loaded Objects now: 8212.
Memory consumption went from 320.6 MB to 312.6 MB.
Total: 14.679700 ms (FindLiveObjects: 1.240300 ms CreateObjectMapping: 1.203700 ms MarkObjects: 7.100400 ms  DeleteObjects: 5.133300 ms)

========================================================================
Received Import Request.
  Time since last request: 667877.776626 seconds.
  path: Packages/com.unity.visualeffectgraph/Editor/Templates/UI/CustomVFXGraph@256.png
  artifactKey: Guid(29bf239054a810d408986f3e80f2878d) Importer(815301076,1909f56bfc062723c751e8b465ee728b)
Start importing Packages/com.unity.visualeffectgraph/Editor/Templates/UI/CustomVFXGraph@256.png using Guid(29bf239054a810d408986f3e80f2878d) Importer(815301076,1909f56bfc062723c751e8b465ee728b) (PreviewImporter) -> (artifact id: '0870ba59ec6fe81ed0fbc04381370de0') in 0.0855153 seconds
Number of updated asset objects reloaded before import = 0Number of asset objects unloaded after import = 2

========================================================================
Received Import Request.
  Time since last request: 0.000021 seconds.
  path: Packages/com.unity.visualeffectgraph/Editor/UIResources/uxml/VFXAnchoredProfiler.uxml
  artifactKey: Guid(277d9261d96a447fb1c7e3e565f26cd9) Importer(815301076,1909f56bfc062723c751e8b465ee728b)
Start importing Packages/com.unity.visualeffectgraph/Editor/UIResources/uxml/VFXAnchoredProfiler.uxml using Guid(277d9261d96a447fb1c7e3e565f26cd9) Importer(815301076,1909f56bfc062723c751e8b465ee728b) (PreviewImporter) -> (artifact id: '2253382503f402579b0dcfd997273c09') in 0.0603994 seconds
Number of updated asset objects reloaded before import = 0Number of asset objects unloaded after import = 2

========================================================================
Received Import Request.
  Time since last request: 3.081019 seconds.
  path: Packages/com.unity.visualeffectgraph/Editor/ShaderGraph/Templates/VFXConfigPlanarPrimitive.template.hlsl
  artifactKey: Guid(7ce0a38660674c0583bc6103191bf4eb) Importer(815301076,1909f56bfc062723c751e8b465ee728b)
Start importing Packages/com.unity.visualeffectgraph/Editor/ShaderGraph/Templates/VFXConfigPlanarPrimitive.template.hlsl using Guid(7ce0a38660674c0583bc6103191bf4eb) Importer(815301076,1909f56bfc062723c751e8b465ee728b) (PreviewImporter) -> (artifact id: 'e3424675aad5d3704d5b5c26474dcc91') in 0.0018254 seconds
Number of updated asset objects reloaded before import = 0Number of asset objects unloaded after import = 1

========================================================================
Received Import Request.
  Time since last request: 58.576793 seconds.
  path: Assets/Settings/HDRPDefaultResources
  artifactKey: Guid(181cd982040374fac84aed5329ef5583) Importer(815301076,1909f56bfc062723c751e8b465ee728b)
Start importing Assets/Settings/HDRPDefaultResources using Guid(181cd982040374fac84aed5329ef5583) Importer(815301076,1909f56bfc062723c751e8b465ee728b) (PreviewImporter) -> (artifact id: '15957886a98dae3696d6aac90c7552ef') in 0.0006401 seconds
Number of updated asset objects reloaded before import = 0Number of asset objects unloaded after import = 0

========================================================================
Received Import Request.
  Time since last request: 0.000049 seconds.
  path: Assets/Settings/HDRPDefaultResources/DefaultLookDevProfile.asset
  artifactKey: Guid(4594f4a3fb14247e192bcca6dc23c8ed) Importer(815301076,1909f56bfc062723c751e8b465ee728b)
Start importing Assets/Settings/HDRPDefaultResources/DefaultLookDevProfile.asset using Guid(4594f4a3fb14247e192bcca6dc23c8ed) Importer(815301076,1909f56bfc062723c751e8b465ee728b) (PreviewImporter) -> (artifact id: '80ae87b1d620f60d68d830eaf0def8fe') in 0.0016966 seconds
Number of updated asset objects reloaded before import = 0Number of asset objects unloaded after import = 0

========================================================================
Received Import Request.
  Time since last request: 7.024797 seconds.
  path: Assets/TutorialInfo/Icons
  artifactKey: Guid(8a0c9218a650547d98138cd835033977) Importer(815301076,1909f56bfc062723c751e8b465ee728b)
Start importing Assets/TutorialInfo/Icons using Guid(8a0c9218a650547d98138cd835033977) Importer(815301076,1909f56bfc062723c751e8b465ee728b) (PreviewImporter) -> (artifact id: '1227d413ac442800839fd487a48b0b65') in 0.0012336 seconds
Number of updated asset objects reloaded before import = 0Number of asset objects unloaded after import = 0

========================================================================
Received Import Request.
  Time since last request: 0.000030 seconds.
  path: Assets/TutorialInfo/Icons/HDRP.png
  artifactKey: Guid(d19680cd422524695938fbe55cc3b3bd) Importer(815301076,1909f56bfc062723c751e8b465ee728b)
Start importing Assets/TutorialInfo/Icons/HDRP.png using Guid(d19680cd422524695938fbe55cc3b3bd) Importer(815301076,1909f56bfc062723c751e8b465ee728b) (PreviewImporter) -> (artifact id: '0f754d2431e2af246abfa5e1b98527e1') in 0.0189652 seconds
Number of updated asset objects reloaded before import = 0Number of asset objects unloaded after import = 2

========================================================================
Received Import Request.
  Time since last request: 2.781178 seconds.
  path: Assets/TutorialInfo/Layout.wlt
  artifactKey: Guid(eabc9546105bf4accac1fd62a63e88e6) Importer(815301076,1909f56bfc062723c751e8b465ee728b)
Start importing Assets/TutorialInfo/Layout.wlt using Guid(eabc9546105bf4accac1fd62a63e88e6) Importer(815301076,1909f56bfc062723c751e8b465ee728b) (PreviewImporter) -> (artifact id: '7c2ebb7f468121a149c22d0c5cadb080') in 0.0014392 seconds
Number of updated asset objects reloaded before import = 0Number of asset objects unloaded after import = 1

========================================================================
Received Import Request.
  Time since last request: 11.834026 seconds.
  path: Assets/Cowsins/VFX/Impacts/defaultImpact.prefab
  artifactKey: Guid(d9f40a03516c3284d9124289d8e7e25c) Importer(815301076,1909f56bfc062723c751e8b465ee728b)
Start importing Assets/Cowsins/VFX/Impacts/defaultImpact.prefab using Guid(d9f40a03516c3284d9124289d8e7e25c) Importer(815301076,1909f56bfc062723c751e8b465ee728b) (PreviewImporter) -> (artifact id: '0e87b76abd7253b1bfc1f95cc111f6b6') in 0.9869527 seconds
Number of updated asset objects reloaded before import = 0Number of asset objects unloaded after import = 49

========================================================================
Received Prepare
Refreshing native plugins compatible for Editor in 1.36 ms, found 3 plugins.
Preloading 0 native plugins for Editor in 0.00 ms.
Unloading 26 Unused Serialized files (Serialized files now loaded: 0)
Unloading 26 unused Assets / (3.9 MB). Loaded Objects now: 8541.
Memory consumption went from 271.0 MB to 267.0 MB.
Total: 15.001200 ms (FindLiveObjects: 0.789600 ms CreateObjectMapping: 0.617000 ms MarkObjects: 12.428900 ms  DeleteObjects: 1.164100 ms)

Prepare: number of updated asset objects reloaded= 0
========================================================================
Received Import Request.
  Time since last request: 12.135261 seconds.
  path: Assets/Cowsins/VFX/Impacts/DefaultImpact_VFX.prefab
  artifactKey: Guid(bdc88374f61c1a24499f2d8d777a3cdc) Importer(815301076,1909f56bfc062723c751e8b465ee728b)
Start importing Assets/Cowsins/VFX/Impacts/DefaultImpact_VFX.prefab using Guid(bdc88374f61c1a24499f2d8d777a3cdc) Importer(815301076,1909f56bfc062723c751e8b465ee728b) (PreviewImporter) -> (artifact id: '857fb63994ba0769486baf751c93a7b0') in 0.0384263 seconds
Number of updated asset objects reloaded before import = 0Number of asset objects unloaded after import = 26

========================================================================
Received Import Request.
  Time since last request: 0.000043 seconds.
  path: Assets/Cowsins/VFX/Impacts/woodImpact.prefab
  artifactKey: Guid(96589705573e84d4691c037c235eecf0) Importer(815301076,1909f56bfc062723c751e8b465ee728b)
Start importing Assets/Cowsins/VFX/Impacts/woodImpact.prefab using Guid(96589705573e84d4691c037c235eecf0) Importer(815301076,1909f56bfc062723c751e8b465ee728b) (PreviewImporter) -> (artifact id: '23f8e3161f2677a1a6973f641772ea17') in 0.0213025 seconds
Number of updated asset objects reloaded before import = 0Number of asset objects unloaded after import = 51

========================================================================
Received Import Request.
  Time since last request: 0.000075 seconds.
  path: Assets/Cowsins/VFX/Impacts/mudImpact.prefab
  artifactKey: Guid(ef6fbfe5d5b78464b93d7991c1e0eb23) Importer(815301076,1909f56bfc062723c751e8b465ee728b)
Start importing Assets/Cowsins/VFX/Impacts/mudImpact.prefab using Guid(ef6fbfe5d5b78464b93d7991c1e0eb23) Importer(815301076,1909f56bfc062723c751e8b465ee728b) (PreviewImporter) -> (artifact id: '0b631cf0ecf50229d89c8347edba37a5') in 0.0194135 seconds
Number of updated asset objects reloaded before import = 0Number of asset objects unloaded after import = 49

========================================================================
Received Import Request.
  Time since last request: 4.344992 seconds.
  path: Assets/Cowsins/VFX/Impacts/mudImpact.prefab
  artifactKey: Guid(ef6fbfe5d5b78464b93d7991c1e0eb23) Importer(815301076,1909f56bfc062723c751e8b465ee728b)
Start importing Assets/Cowsins/VFX/Impacts/mudImpact.prefab using Guid(ef6fbfe5d5b78464b93d7991c1e0eb23) Importer(815301076,1909f56bfc062723c751e8b465ee728b) (PreviewImporter) -> (artifact id: '050bdb96f34138fc4e5163c3ca70a6c3') in 0.0153931 seconds
Number of updated asset objects reloaded before import = 0Number of asset objects unloaded after import = 49

========================================================================
Received Prepare
Refreshing native plugins compatible for Editor in 0.95 ms, found 3 plugins.
Preloading 0 native plugins for Editor in 0.00 ms.
Unloading 27 Unused Serialized files (Serialized files now loaded: 0)
Unloading 26 unused Assets / (4.0 MB). Loaded Objects now: 8734.
Memory consumption went from 271.1 MB to 267.2 MB.
Total: 14.052700 ms (FindLiveObjects: 0.729200 ms CreateObjectMapping: 0.594500 ms MarkObjects: 11.788900 ms  DeleteObjects: 0.937800 ms)

Prepare: number of updated asset objects reloaded= 0
========================================================================
Received Import Request.
  Time since last request: 51.639724 seconds.
  path: Assets/Cowsins/VFX/Impacts/defaultImpact.prefab
  artifactKey: Guid(d9f40a03516c3284d9124289d8e7e25c) Importer(815301076,1909f56bfc062723c751e8b465ee728b)
Start importing Assets/Cowsins/VFX/Impacts/defaultImpact.prefab using Guid(d9f40a03516c3284d9124289d8e7e25c) Importer(815301076,1909f56bfc062723c751e8b465ee728b) (PreviewImporter) -> (artifact id: '5ee7cdcac23c6811b6989afedce86836') in 0.3168816 seconds
Number of updated asset objects reloaded before import = 0Number of asset objects unloaded after import = 49

========================================================================
Received Import Request.
  Time since last request: 129.660781 seconds.
  path: Assets/Cowsins/VFX/Impacts/defaultImpact.prefab
  artifactKey: Guid(d9f40a03516c3284d9124289d8e7e25c) Importer(815301076,1909f56bfc062723c751e8b465ee728b)
Start importing Assets/Cowsins/VFX/Impacts/defaultImpact.prefab using Guid(d9f40a03516c3284d9124289d8e7e25c) Importer(815301076,1909f56bfc062723c751e8b465ee728b) (PreviewImporter) -> (artifact id: 'ebf5e95023cad615e0237b7d910a8200') in 0.0223225 seconds
Number of updated asset objects reloaded before import = 0Number of asset objects unloaded after import = 49

========================================================================
Received Import Request.
  Time since last request: 0.000050 seconds.
  path: Assets/Cowsins/VFX/Impacts/metalImpact.prefab
  artifactKey: Guid(101d537c269e3384d937e0a538fe37ca) Importer(815301076,1909f56bfc062723c751e8b465ee728b)
Start importing Assets/Cowsins/VFX/Impacts/metalImpact.prefab using Guid(101d537c269e3384d937e0a538fe37ca) Importer(815301076,1909f56bfc062723c751e8b465ee728b) (PreviewImporter) -> (artifact id: '759860cd79fcf3afba7aab7b09237d34') in 0.0187086 seconds
Number of updated asset objects reloaded before import = 0Number of asset objects unloaded after import = 51

========================================================================
Received Import Request.
  Time since last request: 0.000046 seconds.
  path: Assets/Cowsins/VFX/Impacts/mudImpact.prefab
  artifactKey: Guid(ef6fbfe5d5b78464b93d7991c1e0eb23) Importer(815301076,1909f56bfc062723c751e8b465ee728b)
Start importing Assets/Cowsins/VFX/Impacts/mudImpact.prefab using Guid(ef6fbfe5d5b78464b93d7991c1e0eb23) Importer(815301076,1909f56bfc062723c751e8b465ee728b) (PreviewImporter) -> (artifact id: '05f561c9e178a770867e67bd589cce4d') in 0.0180452 seconds
Number of updated asset objects reloaded before import = 0Number of asset objects unloaded after import = 49

========================================================================
Received Import Request.
  Time since last request: 3.627746 seconds.
  path: Assets/Cowsins/VFX/Impacts/defaultImpact.prefab
  artifactKey: Guid(d9f40a03516c3284d9124289d8e7e25c) Importer(815301076,1909f56bfc062723c751e8b465ee728b)
Start importing Assets/Cowsins/VFX/Impacts/defaultImpact.prefab using Guid(d9f40a03516c3284d9124289d8e7e25c) Importer(815301076,1909f56bfc062723c751e8b465ee728b) (PreviewImporter) -> (artifact id: 'a82bece6ee179835f8635fa91eae76ae') in 0.0183984 seconds
Number of updated asset objects reloaded before import = 0Number of asset objects unloaded after import = 49

========================================================================
Received Import Request.
  Time since last request: 0.000039 seconds.
  path: Assets/Cowsins/VFX/Impacts/metalImpact.prefab
  artifactKey: Guid(101d537c269e3384d937e0a538fe37ca) Importer(815301076,1909f56bfc062723c751e8b465ee728b)
Start importing Assets/Cowsins/VFX/Impacts/metalImpact.prefab using Guid(101d537c269e3384d937e0a538fe37ca) Importer(815301076,1909f56bfc062723c751e8b465ee728b) (PreviewImporter) -> (artifact id: '7e6f78ffd1a6f1753496618d455cd799') in 0.0238829 seconds
Number of updated asset objects reloaded before import = 0Number of asset objects unloaded after import = 51

========================================================================
Received Import Request.
  Time since last request: 32.550057 seconds.
  path: Assets/Cowsins/VFX/Impacts/enemyImpact.prefab
  artifactKey: Guid(6d4440c5ab0057a469ae4defbbc11342) Importer(815301076,1909f56bfc062723c751e8b465ee728b)
Start importing Assets/Cowsins/VFX/Impacts/enemyImpact.prefab using Guid(6d4440c5ab0057a469ae4defbbc11342) Importer(815301076,1909f56bfc062723c751e8b465ee728b) (PreviewImporter) -> (artifact id: '94edece8cf2eeabeeaeaea394dd9972f') in 0.0192775 seconds
Number of updated asset objects reloaded before import = 0Number of asset objects unloaded after import = 34

========================================================================
Received Import Request.
  Time since last request: 2.902526 seconds.
  path: Assets/Cowsins/VFX/Impacts/enemyImpact.prefab
  artifactKey: Guid(6d4440c5ab0057a469ae4defbbc11342) Importer(815301076,1909f56bfc062723c751e8b465ee728b)
Start importing Assets/Cowsins/VFX/Impacts/enemyImpact.prefab using Guid(6d4440c5ab0057a469ae4defbbc11342) Importer(815301076,1909f56bfc062723c751e8b465ee728b) (PreviewImporter) -> (artifact id: '6215f66eb012d32fef9ccab8d6ef4ee9') in 0.0171367 seconds
Number of updated asset objects reloaded before import = 0Number of asset objects unloaded after import = 34

========================================================================
Received Import Request.
  Time since last request: 41.724282 seconds.
  path: Assets/Cowsins/VFX/Impacts/grassImpact.prefab
  artifactKey: Guid(34d4d141820004f42859ed965f90dc8d) Importer(815301076,1909f56bfc062723c751e8b465ee728b)
Start importing Assets/Cowsins/VFX/Impacts/grassImpact.prefab using Guid(34d4d141820004f42859ed965f90dc8d) Importer(815301076,1909f56bfc062723c751e8b465ee728b) (PreviewImporter) -> (artifact id: 'dedcf4e23e31bd4d4adb984c10a22045') in 0.0153898 seconds
Number of updated asset objects reloaded before import = 0Number of asset objects unloaded after import = 29

========================================================================
Received Import Request.
  Time since last request: 2.895218 seconds.
  path: Assets/Cowsins/VFX/Impacts/grassImpact.prefab
  artifactKey: Guid(34d4d141820004f42859ed965f90dc8d) Importer(815301076,1909f56bfc062723c751e8b465ee728b)
Start importing Assets/Cowsins/VFX/Impacts/grassImpact.prefab using Guid(34d4d141820004f42859ed965f90dc8d) Importer(815301076,1909f56bfc062723c751e8b465ee728b) (PreviewImporter) -> (artifact id: '5910ba0248ae5b52cc0d24503fa68f5d') in 0.0195844 seconds
Number of updated asset objects reloaded before import = 0Number of asset objects unloaded after import = 29

========================================================================
Received Prepare
Begin MonoManager ReloadAssembly
Leak Detected : Persistent allocates 8 individual allocations. To find out more please enable 'Preferences > Jobs > Leak Detection Level > Enabled With Stack Trace' and reproduce the leak again.
- Loaded All Assemblies, in  0.864 seconds
'Packages/com.unity.render-pipelines.high-definition/Editor/Wizard/HDWizard.UIElement.cs' contains partial class of Unity.Object, exactly 1 of the partial classes needs to be in a file with the same filename. This is to know the one that can be referenced from ie. GameObjects
'Packages/com.unity.render-pipelines.high-definition/Editor/Wizard/HDWizard.Configuration.cs' contains partial class of Unity.Object, exactly 1 of the partial classes needs to be in a file with the same filename. This is to know the one that can be referenced from ie. GameObjects
'Packages/com.unity.render-pipelines.high-definition/Editor/Wizard/HDWizard.Window.cs' contains partial class of Unity.Object, exactly 1 of the partial classes needs to be in a file with the same filename. This is to know the one that can be referenced from ie. GameObjects
Refreshing native plugins compatible for Editor in 0.76 ms, found 3 plugins.
Native extension for WindowsStandalone target not found
Mono: successfully reloaded assembly
- Finished resetting the current domain, in  1.001 seconds
Domain Reload Profiling: 1868ms
	BeginReloadAssembly (270ms)
		ExecutionOrderSort (0ms)
		DisableScriptedObjects (18ms)
		BackupInstance (0ms)
		ReleaseScriptingObjects (0ms)
		CreateAndSetChildDomain (85ms)
	RebuildCommonClasses (39ms)
	RebuildNativeTypeToScriptingClass (14ms)
	initialDomainReloadingComplete (29ms)
	LoadAllAssembliesAndSetupDomain (514ms)
		LoadAssemblies (353ms)
		RebuildTransferFunctionScriptingTraits (0ms)
		AnalyzeDomain (269ms)
			TypeCache.Refresh (7ms)
				TypeCache.ScanAssembly (0ms)
			BuildScriptInfoCaches (242ms)
			ResolveRequiredComponents (16ms)
	FinalizeReload (1001ms)
		ReleaseScriptCaches (0ms)
		RebuildScriptCaches (0ms)
		SetupLoadedEditorAssemblies (688ms)
			LogAssemblyErrors (0ms)
			InitializePlatformSupportModulesInManaged (3ms)
			SetLoadedEditorAssemblies (5ms)
			BeforeProcessingInitializeOnLoad (123ms)
			ProcessInitializeOnLoadAttributes (482ms)
			ProcessInitializeOnLoadMethodAttributes (72ms)
			AfterProcessingInitializeOnLoad (3ms)
			EditorAssembliesLoaded (0ms)
		ExecutionOrderSort2 (0ms)
		AwakeInstancesAfterBackupRestoration (18ms)
Refreshing native plugins compatible for Editor in 0.91 ms, found 3 plugins.
Preloading 0 native plugins for Editor in 0.00 ms.
Unloading 43 Unused Serialized files (Serialized files now loaded: 0)
Unloading 7249 unused Assets / (7.7 MB). Loaded Objects now: 8374.
Memory consumption went from 294.8 MB to 287.2 MB.
Total: 13.643400 ms (FindLiveObjects: 1.071800 ms CreateObjectMapping: 0.988100 ms MarkObjects: 6.705700 ms  DeleteObjects: 4.876000 ms)

Prepare: number of updated asset objects reloaded= 0
========================================================================
Received Import Request.
  Time since last request: 530.888123 seconds.
  path: Assets/Cowsins/Demo/MovementShowroom.unity
  artifactKey: Guid(613fba616958bec418ee718b8e414d39) Importer(815301076,1909f56bfc062723c751e8b465ee728b)
Start importing Assets/Cowsins/Demo/MovementShowroom.unity using Guid(613fba616958bec418ee718b8e414d39) Importer(815301076,1909f56bfc062723c751e8b465ee728b) (PreviewImporter) -> (artifact id: '8b7e6574cfda994fa6cf7bfaa1ca6f06') in 0.0142105 seconds
Number of updated asset objects reloaded before import = 0Number of asset objects unloaded after import = 0

========================================================================
Received Import Request.
  Time since last request: 10.177307 seconds.
  path: Assets/Cowsins/Demo/Showroom.unity
  artifactKey: Guid(c65d245ca63349e40af89661df799c04) Importer(815301076,1909f56bfc062723c751e8b465ee728b)
Start importing Assets/Cowsins/Demo/Showroom.unity using Guid(c65d245ca63349e40af89661df799c04) Importer(815301076,1909f56bfc062723c751e8b465ee728b) (PreviewImporter) -> (artifact id: 'a16f27a0a0ec54eb0be112d095a8e4ea') in 0.0007111 seconds
Number of updated asset objects reloaded before import = 0Number of asset objects unloaded after import = 0

========================================================================
Received Import Request.
  Time since last request: 431.852145 seconds.
  path: Assets/Imports/Png/Zombie logo.png
  artifactKey: Guid(f6cb03db94badea4e8898f6c2301aa01) Importer(815301076,1909f56bfc062723c751e8b465ee728b)
Start importing Assets/Imports/Png/Zombie logo.png using Guid(f6cb03db94badea4e8898f6c2301aa01) Importer(815301076,1909f56bfc062723c751e8b465ee728b) (PreviewImporter) -> (artifact id: '7870f72fc2415038de75a54359191309') in 0.0727467 seconds
Number of updated asset objects reloaded before import = 0Number of asset objects unloaded after import = 2

========================================================================
Received Import Request.
  Time since last request: 8.501715 seconds.
  path: Assets/Imports/Png/Zombie logo.png
  artifactKey: Guid(f6cb03db94badea4e8898f6c2301aa01) Importer(815301076,1909f56bfc062723c751e8b465ee728b)
Start importing Assets/Imports/Png/Zombie logo.png using Guid(f6cb03db94badea4e8898f6c2301aa01) Importer(815301076,1909f56bfc062723c751e8b465ee728b) (PreviewImporter) -> (artifact id: '9834b1941bc98bdd1f595df17683457d') in 0.0404312 seconds
Number of updated asset objects reloaded before import = 0Number of asset objects unloaded after import = 3

========================================================================
Received Import Request.
  Time since last request: 38.658977 seconds.
  path: Assets/Cowsins/Models/Environment/cowsinsLogo.fbx
  artifactKey: Guid(6939fb86867a057469e471ac6e11923d) Importer(815301076,1909f56bfc062723c751e8b465ee728b)
Start importing Assets/Cowsins/Models/Environment/cowsinsLogo.fbx using Guid(6939fb86867a057469e471ac6e11923d) Importer(815301076,1909f56bfc062723c751e8b465ee728b) (PreviewImporter) -> (artifact id: 'ce61364f6544cf0a7cdbebe316def939') in 1.1873821 seconds
Number of updated asset objects reloaded before import = 0Number of asset objects unloaded after import = 7

========================================================================
Received Import Request.
  Time since last request: 0.000055 seconds.
  path: Assets/Cowsins/Models/Environment/Pipe2.fbx
  artifactKey: Guid(84beea089a8110841abbf96503aa0aad) Importer(815301076,1909f56bfc062723c751e8b465ee728b)
Start importing Assets/Cowsins/Models/Environment/Pipe2.fbx using Guid(84beea089a8110841abbf96503aa0aad) Importer(815301076,1909f56bfc062723c751e8b465ee728b) (PreviewImporter) -> (artifact id: 'f2f99bcec5319e8a32d630e402118460') in 0.0297431 seconds
Number of updated asset objects reloaded before import = 0Number of asset objects unloaded after import = 7

========================================================================
Received Import Request.
  Time since last request: 0.000089 seconds.
  path: Assets/Cowsins/Models/Environment/Pipe.fbx
  artifactKey: Guid(7ff6478522c5f8f4bb8173e2880c414c) Importer(815301076,1909f56bfc062723c751e8b465ee728b)
Start importing Assets/Cowsins/Models/Environment/Pipe.fbx using Guid(7ff6478522c5f8f4bb8173e2880c414c) Importer(815301076,1909f56bfc062723c751e8b465ee728b) (PreviewImporter) -> (artifact id: '53ee1a3449ec9b9bb71066c0854157a7') in 0.0264446 seconds
Number of updated asset objects reloaded before import = 0Number of asset objects unloaded after import = 7

========================================================================
Received Import Request.
  Time since last request: 0.000083 seconds.
  path: Assets/Cowsins/Models/Environment/roof_lamp.fbx
  artifactKey: Guid(e9b5377b874f72541accf2dcd01974c5) Importer(815301076,1909f56bfc062723c751e8b465ee728b)
Start importing Assets/Cowsins/Models/Environment/roof_lamp.fbx using Guid(e9b5377b874f72541accf2dcd01974c5) Importer(815301076,1909f56bfc062723c751e8b465ee728b) (PreviewImporter) -> (artifact id: 'b55289217571b0371b990c6e7b20433d') in 0.0542214 seconds
Number of updated asset objects reloaded before import = 0Number of asset objects unloaded after import = 14

Editor requested this worker to shutdown with reason: Scaling down because of idle timeout
AssetImportWorker is now disconnected from the server
Process exiting
Exiting without the bug reporter. Application will terminate with return code 0