Using pre-set license
Built from '6000.0/staging' branch; Version is '6000.0.33f1 (433b0a79340b) revision 4406026'; Using compiler version '193933523'; Build Type 'Release'
OS: 'Windows 10  (10.0.19045) 64bit Core' Language: 'en' Physical Memory: 15776 MB
BatchMode: 1, IsHumanControllingUs: 0, StartBugReporterOnCrash: 0, Is64bit: 1, IsPro: 1

COMMAND LINE ARGUMENTS:
D:\Unity Editor\6000.0.33f1\Editor\Unity.exe
-adb2
-batchMode
-noUpm
-name
AssetImportWorker15
-projectPath
D:/Unity/FPSController
-logFile
Logs/AssetImportWorker15.log
-srvPort
63189
-job-worker-count
7
-background-job-worker-count
8
-gc-helper-count
1
Successfully changed project path to: D:/Unity/FPSController
D:/Unity/FPSController
[UnityMemory] Configuration Parameters - Can be set up in boot.config
    "memorysetup-bucket-allocator-granularity=16"
    "memorysetup-bucket-allocator-bucket-count=8"
    "memorysetup-bucket-allocator-block-size=33554432"
    "memorysetup-bucket-allocator-block-count=8"
    "memorysetup-main-allocator-block-size=16777216"
    "memorysetup-thread-allocator-block-size=16777216"
    "memorysetup-gfx-main-allocator-block-size=16777216"
    "memorysetup-gfx-thread-allocator-block-size=16777216"
    "memorysetup-cache-allocator-block-size=4194304"
    "memorysetup-typetree-allocator-block-size=2097152"
    "memorysetup-profiler-bucket-allocator-granularity=16"
    "memorysetup-profiler-bucket-allocator-bucket-count=8"
    "memorysetup-profiler-bucket-allocator-block-size=33554432"
    "memorysetup-profiler-bucket-allocator-block-count=8"
    "memorysetup-profiler-allocator-block-size=16777216"
    "memorysetup-profiler-editor-allocator-block-size=1048576"
    "memorysetup-temp-allocator-size-main=16777216"
    "memorysetup-job-temp-allocator-block-size=2097152"
    "memorysetup-job-temp-allocator-block-size-background=1048576"
    "memorysetup-job-temp-allocator-reduction-small-platforms=262144"
    "memorysetup-allocator-temp-initial-block-size-main=262144"
    "memorysetup-allocator-temp-initial-block-size-worker=262144"
    "memorysetup-temp-allocator-size-background-worker=32768"
    "memorysetup-temp-allocator-size-job-worker=262144"
    "memorysetup-temp-allocator-size-preload-manager=33554432"
    "memorysetup-temp-allocator-size-nav-mesh-worker=65536"
    "memorysetup-temp-allocator-size-audio-worker=65536"
    "memorysetup-temp-allocator-size-cloud-worker=32768"
    "memorysetup-temp-allocator-size-gi-baking-worker=262144"
    "memorysetup-temp-allocator-size-gi-baking-worker=262144"
    "memorysetup-temp-allocator-size-gi-baking-worker=262144"
    "memorysetup-temp-allocator-size-gi-baking-worker=262144"
    "memorysetup-temp-allocator-size-gi-baking-worker=262144"
    "memorysetup-temp-allocator-size-gfx=262144"
Player connection [25416]  Target information:

Player connection [25416]  * "[IP] 192.168.1.17 [Port] 0 [Flags] 2 [Guid] 1095450016 [EditorId] 1095450016 [Version] 1048832 [Id] WindowsEditor(7,DESKTOP-B874NK3) [Debug] 1 [PackageName] WindowsEditor [ProjectName] Editor" 

Player connection [25416] Host joined multi-casting on [225.0.0.222:54997]...
Player connection [25416] Host joined alternative multi-casting on [225.0.0.222:34997]...
JobSystem: Creating JobQueue using job-worker-count value 7
[Physics::Module] Initialized fallback backend.
[Physics::Module] Id: 0xdecafbad
Library Redirect Path: Library/
[Physics::Module] Selected backend.
[Physics::Module] Name: PhysX
[Physics::Module] Id: 0xf2b8ea05
[Physics::Module] SDK Version: 4.1.2
[Physics::Module] Integration Version: 1.0.0
[Physics::Module] Threading Mode: Multi-Threaded
Refreshing native plugins compatible for Editor in 1.70 ms, found 3 plugins.
Preloading 0 native plugins for Editor in 0.00 ms.
Initialize engine version: 6000.0.33f1 (433b0a79340b)
[Subsystems] Discovering subsystems at path D:/Unity Editor/6000.0.33f1/Editor/Data/Resources/UnitySubsystems
[Subsystems] Discovering subsystems at path D:/Unity/FPSController/Assets
GfxDevice: creating device client; kGfxThreadingModeNonThreaded
Direct3D:
    Version:  Direct3D 11.0 [level 11.1]
    Renderer: NVIDIA GeForce RTX 3070 Laptop GPU (ID=0x249d)
    Vendor:   NVIDIA
    VRAM:     8020 MB
    Driver:   32.0.15.6614
Initialize mono
Mono path[0] = 'D:/Unity Editor/6000.0.33f1/Editor/Data/Managed'
Mono path[1] = 'D:/Unity Editor/6000.0.33f1/Editor/Data/MonoBleedingEdge/lib/mono/unityjit-win32'
Mono config path = 'D:/Unity Editor/6000.0.33f1/Editor/Data/MonoBleedingEdge/etc'
Using monoOptions --debugger-agent=transport=dt_socket,embedding=1,server=y,suspend=n,address=127.0.0.1:56428
Begin MonoManager ReloadAssembly
Registering precompiled unity dll's ...
Register platform support module: D:/Unity Editor/6000.0.33f1/Editor/Data/PlaybackEngines/WindowsStandaloneSupport/UnityEditor.WindowsStandalone.Extensions.dll
Registered in 0.002467 seconds.
- Loaded All Assemblies, in  0.522 seconds
Native extension for WindowsStandalone target not found
Mono: successfully reloaded assembly
- Finished resetting the current domain, in  0.446 seconds
Domain Reload Profiling: 967ms
	BeginReloadAssembly (196ms)
		ExecutionOrderSort (0ms)
		DisableScriptedObjects (0ms)
		BackupInstance (0ms)
		ReleaseScriptingObjects (0ms)
		CreateAndSetChildDomain (1ms)
	RebuildCommonClasses (48ms)
	RebuildNativeTypeToScriptingClass (14ms)
	initialDomainReloadingComplete (62ms)
	LoadAllAssembliesAndSetupDomain (201ms)
		LoadAssemblies (195ms)
		RebuildTransferFunctionScriptingTraits (0ms)
		AnalyzeDomain (197ms)
			TypeCache.Refresh (195ms)
				TypeCache.ScanAssembly (178ms)
			BuildScriptInfoCaches (0ms)
			ResolveRequiredComponents (1ms)
	FinalizeReload (447ms)
		ReleaseScriptCaches (0ms)
		RebuildScriptCaches (0ms)
		SetupLoadedEditorAssemblies (383ms)
			LogAssemblyErrors (0ms)
			InitializePlatformSupportModulesInManaged (42ms)
			SetLoadedEditorAssemblies (5ms)
			BeforeProcessingInitializeOnLoad (68ms)
			ProcessInitializeOnLoadAttributes (195ms)
			ProcessInitializeOnLoadMethodAttributes (73ms)
			AfterProcessingInitializeOnLoad (0ms)
			EditorAssembliesLoaded (0ms)
		ExecutionOrderSort2 (0ms)
		AwakeInstancesAfterBackupRestoration (0ms)
========================================================================
Worker process is ready to serve import requests
Import Worker Mode flag is 0x00
Begin MonoManager ReloadAssembly
- Loaded All Assemblies, in  0.984 seconds
'Packages/com.unity.render-pipelines.high-definition/Editor/Wizard/HDWizard.UIElement.cs' contains partial class of Unity.Object, exactly 1 of the partial classes needs to be in a file with the same filename. This is to know the one that can be referenced from ie. GameObjects
'Packages/com.unity.render-pipelines.high-definition/Editor/Wizard/HDWizard.Configuration.cs' contains partial class of Unity.Object, exactly 1 of the partial classes needs to be in a file with the same filename. This is to know the one that can be referenced from ie. GameObjects
'Packages/com.unity.render-pipelines.high-definition/Editor/Wizard/HDWizard.Window.cs' contains partial class of Unity.Object, exactly 1 of the partial classes needs to be in a file with the same filename. This is to know the one that can be referenced from ie. GameObjects
Refreshing native plugins compatible for Editor in 0.94 ms, found 3 plugins.
Native extension for WindowsStandalone target not found
Mono: successfully reloaded assembly
- Finished resetting the current domain, in  1.275 seconds
Domain Reload Profiling: 2257ms
	BeginReloadAssembly (201ms)
		ExecutionOrderSort (0ms)
		DisableScriptedObjects (7ms)
		BackupInstance (0ms)
		ReleaseScriptingObjects (0ms)
		CreateAndSetChildDomain (38ms)
	RebuildCommonClasses (44ms)
	RebuildNativeTypeToScriptingClass (14ms)
	initialDomainReloadingComplete (44ms)
	LoadAllAssembliesAndSetupDomain (679ms)
		LoadAssemblies (399ms)
		RebuildTransferFunctionScriptingTraits (0ms)
		AnalyzeDomain (398ms)
			TypeCache.Refresh (298ms)
				TypeCache.ScanAssembly (279ms)
			BuildScriptInfoCaches (82ms)
			ResolveRequiredComponents (14ms)
	FinalizeReload (1275ms)
		ReleaseScriptCaches (0ms)
		RebuildScriptCaches (0ms)
		SetupLoadedEditorAssemblies (1082ms)
			LogAssemblyErrors (0ms)
			InitializePlatformSupportModulesInManaged (3ms)
			SetLoadedEditorAssemblies (6ms)
			BeforeProcessingInitializeOnLoad (134ms)
			ProcessInitializeOnLoadAttributes (608ms)
			ProcessInitializeOnLoadMethodAttributes (328ms)
			AfterProcessingInitializeOnLoad (3ms)
			EditorAssembliesLoaded (0ms)
		ExecutionOrderSort2 (0ms)
		AwakeInstancesAfterBackupRestoration (11ms)
Launched and connected shader compiler UnityShaderCompiler.exe after 0.01 seconds
Refreshing native plugins compatible for Editor in 0.94 ms, found 3 plugins.
Preloading 0 native plugins for Editor in 0.00 ms.
Unloading 503 Unused Serialized files (Serialized files now loaded: 0)
Unloading 7251 unused Assets / (7.9 MB). Loaded Objects now: 8212.
Memory consumption went from 320.6 MB to 312.7 MB.
Total: 12.607800 ms (FindLiveObjects: 0.920800 ms CreateObjectMapping: 0.890000 ms MarkObjects: 5.689100 ms  DeleteObjects: 5.106500 ms)

========================================================================
Received Import Request.
  Time since last request: 669349.674785 seconds.
  path: Assets/Cowsins/Materials/Environment/Grid/GridTexture 1.mat
  artifactKey: Guid(c237fbbdce75f204b9ee233c61cb7ad6) Importer(815301076,1909f56bfc062723c751e8b465ee728b)
Start importing Assets/Cowsins/Materials/Environment/Grid/GridTexture 1.mat using Guid(c237fbbdce75f204b9ee233c61cb7ad6) Importer(815301076,1909f56bfc062723c751e8b465ee728b) (PreviewImporter) -> (artifact id: '22f94182b5a9c29976eda9a3133ba3c8') in 1.3250814 seconds
Number of updated asset objects reloaded before import = 0Number of asset objects unloaded after import = 3

========================================================================
Received Import Request.
  Time since last request: 0.000054 seconds.
  path: Assets/Cowsins/Models/Bullets/TurretProjectile.fbx
  artifactKey: Guid(52c9b852f697d2e4d82c17a87f06aeec) Importer(815301076,1909f56bfc062723c751e8b465ee728b)
Start importing Assets/Cowsins/Models/Bullets/TurretProjectile.fbx using Guid(52c9b852f697d2e4d82c17a87f06aeec) Importer(815301076,1909f56bfc062723c751e8b465ee728b) (PreviewImporter) -> (artifact id: 'ba1feeeee0866a1f7068dbb6e2bb028f') in 0.1106692 seconds
Number of updated asset objects reloaded before import = 0Number of asset objects unloaded after import = 10

========================================================================
Received Import Request.
  Time since last request: 0.000077 seconds.
  path: Assets/Cowsins/Models/Enemies/TurretBase.fbx
  artifactKey: Guid(52b60a3a7286b294cbaab6fddf26d5f8) Importer(815301076,1909f56bfc062723c751e8b465ee728b)
Start importing Assets/Cowsins/Models/Enemies/TurretBase.fbx using Guid(52b60a3a7286b294cbaab6fddf26d5f8) Importer(815301076,1909f56bfc062723c751e8b465ee728b) (PreviewImporter) -> (artifact id: '485b1ed97fc6d89bf2b5558a0657afe0') in 0.0567794 seconds
Number of updated asset objects reloaded before import = 0Number of asset objects unloaded after import = 10

========================================================================
Received Import Request.
  Time since last request: 0.000029 seconds.
  path: Assets/TextMesh Pro/Resources/Fonts & Materials/LiberationSans SDF - Fallback.asset
  artifactKey: Guid(2e498d1c8094910479dc3e1b768306a4) Importer(815301076,1909f56bfc062723c751e8b465ee728b)
Start importing Assets/TextMesh Pro/Resources/Fonts & Materials/LiberationSans SDF - Fallback.asset using Guid(2e498d1c8094910479dc3e1b768306a4) Importer(815301076,1909f56bfc062723c751e8b465ee728b) (PreviewImporter) -> (artifact id: 'd5bb7033064d5578b056beb0d58dbc92') in 0.0439515 seconds
Number of updated asset objects reloaded before import = 0Number of asset objects unloaded after import = 6

========================================================================
Received Import Request.
  Time since last request: 0.000041 seconds.
  path: Assets/Cowsins/Materials/Others/Lootbox/Lights.mat
  artifactKey: Guid(d9aeb8b645216e744840ab0f94153708) Importer(815301076,1909f56bfc062723c751e8b465ee728b)
Start importing Assets/Cowsins/Materials/Others/Lootbox/Lights.mat using Guid(d9aeb8b645216e744840ab0f94153708) Importer(815301076,1909f56bfc062723c751e8b465ee728b) (PreviewImporter) -> (artifact id: '342141b219d5917abf8869b31765946e') in 0.0209229 seconds
Number of updated asset objects reloaded before import = 0Number of asset objects unloaded after import = 1

========================================================================
Received Import Request.
  Time since last request: 0.000054 seconds.
  path: Assets/TextMesh Pro/Resources/Fonts & Materials/LiberationSans SDF - Drop Shadow.mat
  artifactKey: Guid(e73a58f6e2794ae7b1b7e50b7fb811b0) Importer(815301076,1909f56bfc062723c751e8b465ee728b)
Start importing Assets/TextMesh Pro/Resources/Fonts & Materials/LiberationSans SDF - Drop Shadow.mat using Guid(e73a58f6e2794ae7b1b7e50b7fb811b0) Importer(815301076,1909f56bfc062723c751e8b465ee728b) (PreviewImporter) -> (artifact id: 'be08eaffed37cae8518945cf098b1c96') in 0.0938164 seconds
Number of updated asset objects reloaded before import = 0Number of asset objects unloaded after import = 2

========================================================================
Received Import Request.
  Time since last request: 0.000033 seconds.
  path: Assets/Cowsins/Models/Enemies/Turret.fbx
  artifactKey: Guid(b642ee39df09c4143b3f1645a0ea7030) Importer(815301076,1909f56bfc062723c751e8b465ee728b)
Start importing Assets/Cowsins/Models/Enemies/Turret.fbx using Guid(b642ee39df09c4143b3f1645a0ea7030) Importer(815301076,1909f56bfc062723c751e8b465ee728b) (PreviewImporter) -> (artifact id: '5bdeb9dc3ff48c927f5f7e13de4061c7') in 0.1540525 seconds
Number of updated asset objects reloaded before import = 0Number of asset objects unloaded after import = 34

========================================================================
Received Import Request.
  Time since last request: 0.000051 seconds.
  path: Assets/TextMesh Pro/Resources/Fonts & Materials/LiberationSans SDF.asset
  artifactKey: Guid(8f586378b4e144a9851e7b34d9b748ee) Importer(815301076,1909f56bfc062723c751e8b465ee728b)
Start importing Assets/TextMesh Pro/Resources/Fonts & Materials/LiberationSans SDF.asset using Guid(8f586378b4e144a9851e7b34d9b748ee) Importer(815301076,1909f56bfc062723c751e8b465ee728b) (PreviewImporter) -> (artifact id: '2c5fdb490dc5de36706bc1e78938f481') in 0.0570941 seconds
Number of updated asset objects reloaded before import = 0Number of asset objects unloaded after import = 9

========================================================================
Received Import Request.
  Time since last request: 0.000039 seconds.
  path: Assets/Cowsins/Models/Weapons/RifleRig.fbx
  artifactKey: Guid(e42198d0b28f538459719962814f4862) Importer(815301076,1909f56bfc062723c751e8b465ee728b)
Start importing Assets/Cowsins/Models/Weapons/RifleRig.fbx using Guid(e42198d0b28f538459719962814f4862) Importer(815301076,1909f56bfc062723c751e8b465ee728b) (PreviewImporter) -> (artifact id: 'd7d7ce92d2f42c23d004d4032391bbc2') in 0.191673 seconds
Number of updated asset objects reloaded before import = 0Number of asset objects unloaded after import = 152

========================================================================
Received Import Request.
  Time since last request: 24.364344 seconds.
  path: Assets/Imports/Png/New Material.mat
  artifactKey: Guid(cc6516078a0793d4195ae4fdc552fb12) Importer(815301076,1909f56bfc062723c751e8b465ee728b)
Start importing Assets/Imports/Png/New Material.mat using Guid(cc6516078a0793d4195ae4fdc552fb12) Importer(815301076,1909f56bfc062723c751e8b465ee728b) (PreviewImporter) -> (artifact id: '708eda36aa15aca0e22d4c65f53fe888') in 0.0196885 seconds
Number of updated asset objects reloaded before import = 0Number of asset objects unloaded after import = 1

========================================================================
Received Import Request.
  Time since last request: 359.774355 seconds.
  path: Assets/Cowsins/Demo/Showroom.unity
  artifactKey: Guid(c65d245ca63349e40af89661df799c04) Importer(815301076,1909f56bfc062723c751e8b465ee728b)
Start importing Assets/Cowsins/Demo/Showroom.unity using Guid(c65d245ca63349e40af89661df799c04) Importer(815301076,1909f56bfc062723c751e8b465ee728b) (PreviewImporter) -> (artifact id: '8375cab7ec63f7b1451b73c402a70184') in 0.0007908 seconds
Number of updated asset objects reloaded before import = 0Number of asset objects unloaded after import = 0

========================================================================
Received Import Request.
  Time since last request: 132.318668 seconds.
  path: Assets/Imports/Png/Materials
  artifactKey: Guid(523593f91f5ae3941b38fcec58be9069) Importer(815301076,1909f56bfc062723c751e8b465ee728b)
Start importing Assets/Imports/Png/Materials using Guid(523593f91f5ae3941b38fcec58be9069) Importer(815301076,1909f56bfc062723c751e8b465ee728b) (PreviewImporter) -> (artifact id: '07091b34198e888292706ec30b0416bd') in 0.000695 seconds
Number of updated asset objects reloaded before import = 0Number of asset objects unloaded after import = 0

========================================================================
Received Import Request.
  Time since last request: 0.000056 seconds.
  path: Assets/Imports/Png/Materials/Zombie logo.mat
  artifactKey: Guid(f7badd2eb0ea5a44b88444ef92e2817c) Importer(815301076,1909f56bfc062723c751e8b465ee728b)
Start importing Assets/Imports/Png/Materials/Zombie logo.mat using Guid(f7badd2eb0ea5a44b88444ef92e2817c) Importer(815301076,1909f56bfc062723c751e8b465ee728b) (PreviewImporter) -> (artifact id: 'd837604d816fcc5e33bc6dee95ab5fc4') in 0.0217828 seconds
Number of updated asset objects reloaded before import = 0Number of asset objects unloaded after import = 2

========================================================================
Received Import Request.
  Time since last request: 18.726756 seconds.
  path: Assets/Imports/Png/Zombie logo.png
  artifactKey: Guid(f6cb03db94badea4e8898f6c2301aa01) Importer(815301076,1909f56bfc062723c751e8b465ee728b)
Start importing Assets/Imports/Png/Zombie logo.png using Guid(f6cb03db94badea4e8898f6c2301aa01) Importer(815301076,1909f56bfc062723c751e8b465ee728b) (PreviewImporter) -> (artifact id: 'e2cc089671d3f20cf5c28bfd715a85ba') in 0.0178868 seconds
Number of updated asset objects reloaded before import = 0Number of asset objects unloaded after import = 2

========================================================================
Received Import Request.
  Time since last request: 61.480743 seconds.
  path: Assets/Imports/Png/Materials/Zombie logo.mat
  artifactKey: Guid(f7badd2eb0ea5a44b88444ef92e2817c) Importer(815301076,1909f56bfc062723c751e8b465ee728b)
Start importing Assets/Imports/Png/Materials/Zombie logo.mat using Guid(f7badd2eb0ea5a44b88444ef92e2817c) Importer(815301076,1909f56bfc062723c751e8b465ee728b) (PreviewImporter) -> (artifact id: '71d8c62a6eae5076d85b0c80225c8434') in 0.0226059 seconds
Number of updated asset objects reloaded before import = 0Number of asset objects unloaded after import = 2

========================================================================
Received Import Request.
  Time since last request: 47.489787 seconds.
  path: Assets/Cowsins/UI
  artifactKey: Guid(9b09a062c86517149a16a8ac516af344) Importer(815301076,1909f56bfc062723c751e8b465ee728b)
Start importing Assets/Cowsins/UI using Guid(9b09a062c86517149a16a8ac516af344) Importer(815301076,1909f56bfc062723c751e8b465ee728b) (PreviewImporter) -> (artifact id: '0bee55f98079a255019dc0273ca315ea') in 0.0012361 seconds
Number of updated asset objects reloaded before import = 0Number of asset objects unloaded after import = 0

========================================================================
Received Import Request.
  Time since last request: 1.216104 seconds.
  path: Assets/Cowsins/UI/Logo
  artifactKey: Guid(397dba12859a4914282b0316240679b2) Importer(815301076,1909f56bfc062723c751e8b465ee728b)
Start importing Assets/Cowsins/UI/Logo using Guid(397dba12859a4914282b0316240679b2) Importer(815301076,1909f56bfc062723c751e8b465ee728b) (PreviewImporter) -> (artifact id: 'f56385d9fef29ad94082d2268158ebd6') in 0.00066 seconds
Number of updated asset objects reloaded before import = 0Number of asset objects unloaded after import = 0

========================================================================
Received Import Request.
  Time since last request: 4.277637 seconds.
  path: Assets/Cowsins/UI/Logo/Zombie logo.prefab
  artifactKey: Guid(61783a51aec9a1e4d9c97483be0924f9) Importer(815301076,1909f56bfc062723c751e8b465ee728b)
Start importing Assets/Cowsins/UI/Logo/Zombie logo.prefab using Guid(61783a51aec9a1e4d9c97483be0924f9) Importer(815301076,1909f56bfc062723c751e8b465ee728b) (PreviewImporter) -> (artifact id: 'd4f95493fde7e377fdd90d50897b4613') in 0.0215697 seconds
Number of updated asset objects reloaded before import = 0Number of asset objects unloaded after import = 7

========================================================================
Received Import Request.
  Time since last request: 244.060810 seconds.
  path: Assets/Cowsins/Demo/Showroom.unity
  artifactKey: Guid(c65d245ca63349e40af89661df799c04) Importer(815301076,1909f56bfc062723c751e8b465ee728b)
Start importing Assets/Cowsins/Demo/Showroom.unity using Guid(c65d245ca63349e40af89661df799c04) Importer(815301076,1909f56bfc062723c751e8b465ee728b) (PreviewImporter) -> (artifact id: 'ceb52fa745201a3f725145ef3e4ed23e') in 0.0008791 seconds
Number of updated asset objects reloaded before import = 0Number of asset objects unloaded after import = 0

========================================================================
Received Import Request.
  Time since last request: 248.673194 seconds.
  path: Assets/Cowsins/Demo/BlankScene.unity
  artifactKey: Guid(b1752b72730c0554482c0174158e94b4) Importer(815301076,1909f56bfc062723c751e8b465ee728b)
Start importing Assets/Cowsins/Demo/BlankScene.unity using Guid(b1752b72730c0554482c0174158e94b4) Importer(815301076,1909f56bfc062723c751e8b465ee728b) (PreviewImporter) -> (artifact id: '576f40eee0f4e0fecc04133fbc2af627') in 0.0009816 seconds
Number of updated asset objects reloaded before import = 0Number of asset objects unloaded after import = 0

========================================================================
Received Import Request.
  Time since last request: 94.211332 seconds.
  path: Packages/com.unity.visualeffectgraph/Editor/UIResources/VFX/d_pauseBadge.png
  artifactKey: Guid(1dd97ee4b2afcbe428b2a0939278920f) Importer(815301076,1909f56bfc062723c751e8b465ee728b)
Start importing Packages/com.unity.visualeffectgraph/Editor/UIResources/VFX/d_pauseBadge.png using Guid(1dd97ee4b2afcbe428b2a0939278920f) Importer(815301076,1909f56bfc062723c751e8b465ee728b) (PreviewImporter) -> (artifact id: 'e05fafeed0d38ffd4457e81ce242ae86') in 0.0180793 seconds
Number of updated asset objects reloaded before import = 0Number of asset objects unloaded after import = 2

========================================================================
Received Import Request.
  Time since last request: 0.000032 seconds.
  path: Packages/com.unity.visualeffectgraph/Editor/UIResources/VFX/Pause.png
  artifactKey: Guid(d89be2067d175544c866c22da3981e09) Importer(815301076,1909f56bfc062723c751e8b465ee728b)
Start importing Packages/com.unity.visualeffectgraph/Editor/UIResources/VFX/Pause.png using Guid(d89be2067d175544c866c22da3981e09) Importer(815301076,1909f56bfc062723c751e8b465ee728b) (PreviewImporter) -> (artifact id: '2b1ca8b3f0a598f28d425863f0c00754') in 0.0138074 seconds
Number of updated asset objects reloaded before import = 0Number of asset objects unloaded after import = 2

========================================================================
Received Import Request.
  Time since last request: 16.576671 seconds.
  path: Assets/Cowsins/Scripts/Player/PlayerState
  artifactKey: Guid(63b5b691b4238ef4ca3e0207dd9769d4) Importer(815301076,1909f56bfc062723c751e8b465ee728b)
Start importing Assets/Cowsins/Scripts/Player/PlayerState using Guid(63b5b691b4238ef4ca3e0207dd9769d4) Importer(815301076,1909f56bfc062723c751e8b465ee728b) (PreviewImporter) -> (artifact id: 'c805bab7e0018a1bd7bba876e015be43') in 0.00107 seconds
Number of updated asset objects reloaded before import = 0Number of asset objects unloaded after import = 0

========================================================================
Received Import Request.
  Time since last request: 5.098547 seconds.
  path: Assets/Cowsins/Scripts/Player/PlayerState/WeaponState
  artifactKey: Guid(e851858a25cc2fc478474550a90acbca) Importer(815301076,1909f56bfc062723c751e8b465ee728b)
Start importing Assets/Cowsins/Scripts/Player/PlayerState/WeaponState using Guid(e851858a25cc2fc478474550a90acbca) Importer(815301076,1909f56bfc062723c751e8b465ee728b) (PreviewImporter) -> (artifact id: '88d8002b70f5498cd486f4063d736722') in 0.0007111 seconds
Number of updated asset objects reloaded before import = 0Number of asset objects unloaded after import = 0

========================================================================
Received Import Request.
  Time since last request: 3.680346 seconds.
  path: Assets/Cowsins/Scripts/PickUpSystem
  artifactKey: Guid(4d945bccf0212ab49b2e156b48a2860e) Importer(815301076,1909f56bfc062723c751e8b465ee728b)
Start importing Assets/Cowsins/Scripts/PickUpSystem using Guid(4d945bccf0212ab49b2e156b48a2860e) Importer(815301076,1909f56bfc062723c751e8b465ee728b) (PreviewImporter) -> (artifact id: '4553dcaf9f609fcaafe2f5d45b810095') in 0.0006409 seconds
Number of updated asset objects reloaded before import = 0Number of asset objects unloaded after import = 0

========================================================================
Received Import Request.
  Time since last request: 6.571864 seconds.
  path: Assets/Cowsins/Scripts/Managers
  artifactKey: Guid(2c65421bf517e2040a539fe4888e4c84) Importer(815301076,1909f56bfc062723c751e8b465ee728b)
Start importing Assets/Cowsins/Scripts/Managers using Guid(2c65421bf517e2040a539fe4888e4c84) Importer(815301076,1909f56bfc062723c751e8b465ee728b) (PreviewImporter) -> (artifact id: '3607ee6a12cf26740e38e125f304d537') in 0.0006461 seconds
Number of updated asset objects reloaded before import = 0Number of asset objects unloaded after import = 0

========================================================================
Received Import Request.
  Time since last request: 11.068120 seconds.
  path: Assets/Cowsins/Scripts/Extra/Utilities
  artifactKey: Guid(0a8aa42181588bb408b7dd0ec7663186) Importer(815301076,1909f56bfc062723c751e8b465ee728b)
Start importing Assets/Cowsins/Scripts/Extra/Utilities using Guid(0a8aa42181588bb408b7dd0ec7663186) Importer(815301076,1909f56bfc062723c751e8b465ee728b) (PreviewImporter) -> (artifact id: 'b834fe9766f138363f8f584759b96ed1') in 0.0009326 seconds
Number of updated asset objects reloaded before import = 0Number of asset objects unloaded after import = 0

========================================================================
Received Import Request.
  Time since last request: 13.869884 seconds.
  path: Assets/Cowsins/Scripts/Editor/Experimental
  artifactKey: Guid(25db85aaeb432c349b3a5de14f21141b) Importer(815301076,1909f56bfc062723c751e8b465ee728b)
Start importing Assets/Cowsins/Scripts/Editor/Experimental using Guid(25db85aaeb432c349b3a5de14f21141b) Importer(815301076,1909f56bfc062723c751e8b465ee728b) (PreviewImporter) -> (artifact id: 'f6b26b378c2f0ef01c42b866488eac9b') in 0.0008883 seconds
Number of updated asset objects reloaded before import = 0Number of asset objects unloaded after import = 0

========================================================================
Received Import Request.
  Time since last request: 2.091653 seconds.
  path: Assets/Cowsins/Scripts/Camera
  artifactKey: Guid(d39a0b71627125343aeebbcace825fe9) Importer(815301076,1909f56bfc062723c751e8b465ee728b)
Start importing Assets/Cowsins/Scripts/Camera using Guid(d39a0b71627125343aeebbcace825fe9) Importer(815301076,1909f56bfc062723c751e8b465ee728b) (PreviewImporter) -> (artifact id: 'cce9581b3a6c57d538da7c6b8b106b14') in 0.0006676 seconds
Number of updated asset objects reloaded before import = 0Number of asset objects unloaded after import = 0

========================================================================
Received Import Request.
  Time since last request: 512.718197 seconds.
  path: Assets/Cowsins/TUTORIALS.txt
  artifactKey: Guid(6db33584a8f30334480e09ba8e693cdc) Importer(815301076,1909f56bfc062723c751e8b465ee728b)
Start importing Assets/Cowsins/TUTORIALS.txt using Guid(6db33584a8f30334480e09ba8e693cdc) Importer(815301076,1909f56bfc062723c751e8b465ee728b) (PreviewImporter) -> (artifact id: 'e31b1b6ada5b27acdb86b7144c133494') in 0.0014024 seconds
Number of updated asset objects reloaded before import = 0Number of asset objects unloaded after import = 1

========================================================================
Received Import Request.
  Time since last request: 7.490884 seconds.
  path: Assets/Cowsins/MoreAssetsByCowsins.pdf
  artifactKey: Guid(a222c56039850034b944a9a47018d1b3) Importer(815301076,1909f56bfc062723c751e8b465ee728b)
Start importing Assets/Cowsins/MoreAssetsByCowsins.pdf using Guid(a222c56039850034b944a9a47018d1b3) Importer(815301076,1909f56bfc062723c751e8b465ee728b) (PreviewImporter) -> (artifact id: 'b29f76280ff5133b540c724febd8642e') in 0.0019972 seconds
Number of updated asset objects reloaded before import = 0Number of asset objects unloaded after import = 1

========================================================================
Received Import Request.
  Time since last request: 3.332589 seconds.
  path: Assets/Cowsins/Documentation FPS Engine.mhtml
  artifactKey: Guid(476a4e19a1fb54e4f8fcea00ee94330d) Importer(815301076,1909f56bfc062723c751e8b465ee728b)
Start importing Assets/Cowsins/Documentation FPS Engine.mhtml using Guid(476a4e19a1fb54e4f8fcea00ee94330d) Importer(815301076,1909f56bfc062723c751e8b465ee728b) (PreviewImporter) -> (artifact id: '24a0ccb0e86057b4eac1040ebf40a8bc') in 0.0015108 seconds
Number of updated asset objects reloaded before import = 0Number of asset objects unloaded after import = 1

========================================================================
Received Import Request.
  Time since last request: 13.239410 seconds.
  path: Assets/Cowsins/Textures
  artifactKey: Guid(56dfd316056a7d84da31def1c07d4d53) Importer(815301076,1909f56bfc062723c751e8b465ee728b)
Start importing Assets/Cowsins/Textures using Guid(56dfd316056a7d84da31def1c07d4d53) Importer(815301076,1909f56bfc062723c751e8b465ee728b) (PreviewImporter) -> (artifact id: '5a63786a4027558c25b432cd9a7eccb9') in 0.001658 seconds
Number of updated asset objects reloaded before import = 0Number of asset objects unloaded after import = 0

========================================================================
Received Import Request.
  Time since last request: 12.052992 seconds.
  path: Assets/Cowsins/Shaders
  artifactKey: Guid(6a012588fc7601849bcdd6b5069b1805) Importer(815301076,1909f56bfc062723c751e8b465ee728b)
Start importing Assets/Cowsins/Shaders using Guid(6a012588fc7601849bcdd6b5069b1805) Importer(815301076,1909f56bfc062723c751e8b465ee728b) (PreviewImporter) -> (artifact id: '0280e111ab041af92dbbfb47909aa681') in 0.0006618 seconds
Number of updated asset objects reloaded before import = 0Number of asset objects unloaded after import = 0

========================================================================
Received Import Request.
  Time since last request: 0.003539 seconds.
  path: Assets/Cowsins/Shaders/UIBlur_Shared.cginc
  artifactKey: Guid(e4647f7352223f3458235f7e56766da1) Importer(815301076,1909f56bfc062723c751e8b465ee728b)
Start importing Assets/Cowsins/Shaders/UIBlur_Shared.cginc using Guid(e4647f7352223f3458235f7e56766da1) Importer(815301076,1909f56bfc062723c751e8b465ee728b) (PreviewImporter) -> (artifact id: 'a7574f800f5aa9bdd2c9358755c1a53b') in 0.0015527 seconds
Number of updated asset objects reloaded before import = 0Number of asset objects unloaded after import = 1

========================================================================
Received Import Request.
  Time since last request: 6.369305 seconds.
  path: Assets/Cowsins/Resources
  artifactKey: Guid(cf8c982f1bad069418bd0cf3d8ad4cf4) Importer(815301076,1909f56bfc062723c751e8b465ee728b)
Start importing Assets/Cowsins/Resources using Guid(cf8c982f1bad069418bd0cf3d8ad4cf4) Importer(815301076,1909f56bfc062723c751e8b465ee728b) (PreviewImporter) -> (artifact id: 'b5503cfd2a8057705fae9f00e3bb49a5') in 0.0011071 seconds
Number of updated asset objects reloaded before import = 0Number of asset objects unloaded after import = 0

========================================================================
Received Import Request.
  Time since last request: 0.000036 seconds.
  path: Assets/Cowsins/Resources/CompassElement.prefab
  artifactKey: Guid(fad52cfdf4df19f44ad3e7a8db17fa88) Importer(815301076,1909f56bfc062723c751e8b465ee728b)
Start importing Assets/Cowsins/Resources/CompassElement.prefab using Guid(fad52cfdf4df19f44ad3e7a8db17fa88) Importer(815301076,1909f56bfc062723c751e8b465ee728b) (PreviewImporter) -> (artifact id: '841b8e91cc9b9d10d0d521023bdfac3b') in 0.0058527 seconds
Number of updated asset objects reloaded before import = 0Number of asset objects unloaded after import = 9

========================================================================
Received Import Request.
  Time since last request: 0.000038 seconds.
  path: Assets/Cowsins/Resources/InventoryUISlot.prefab
  artifactKey: Guid(5ed616db5ea453c448066b233600ae5b) Importer(815301076,1909f56bfc062723c751e8b465ee728b)
Start importing Assets/Cowsins/Resources/InventoryUISlot.prefab using Guid(5ed616db5ea453c448066b233600ae5b) Importer(815301076,1909f56bfc062723c751e8b465ee728b) (PreviewImporter) -> (artifact id: '63df2f5af45253faf2913bf7271b4bf7') in 0.0043964 seconds
Number of updated asset objects reloaded before import = 0Number of asset objects unloaded after import = 25

========================================================================
Received Prepare
'Packages/com.unity.render-pipelines.high-definition/Editor/Wizard/HDWizard.UIElement.cs' contains partial class of Unity.Object, exactly 1 of the partial classes needs to be in a file with the same filename. This is to know the one that can be referenced from ie. GameObjects
'Packages/com.unity.render-pipelines.high-definition/Editor/Wizard/HDWizard.Configuration.cs' contains partial class of Unity.Object, exactly 1 of the partial classes needs to be in a file with the same filename. This is to know the one that can be referenced from ie. GameObjects
'Packages/com.unity.render-pipelines.high-definition/Editor/Wizard/HDWizard.Window.cs' contains partial class of Unity.Object, exactly 1 of the partial classes needs to be in a file with the same filename. This is to know the one that can be referenced from ie. GameObjects
Refreshing native plugins compatible for Editor in 1.38 ms, found 3 plugins.
Preloading 0 native plugins for Editor in 0.00 ms.
Unloading 26 Unused Serialized files (Serialized files now loaded: 0)
Unloading 7240 unused Assets / (8.3 MB). Loaded Objects now: 10413.
Memory consumption went from 347.6 MB to 339.2 MB.
Total: 51.422400 ms (FindLiveObjects: 1.874000 ms CreateObjectMapping: 1.440700 ms MarkObjects: 43.003200 ms  DeleteObjects: 5.102400 ms)

Prepare: number of updated asset objects reloaded= 0
Editor requested this worker to shutdown with reason: Scaling down because of idle timeout
AssetImportWorker is now disconnected from the server
Process exiting
Exiting without the bug reporter. Application will terminate with return code 0