Using pre-set license
Built from '6000.0/staging' branch; Version is '6000.0.33f1 (433b0a79340b) revision 4406026'; Using compiler version '193933523'; Build Type 'Release'
OS: 'Windows 10  (10.0.19045) 64bit Core' Language: 'en' Physical Memory: 15776 MB
BatchMode: 1, IsHumanControllingUs: 0, StartBugReporterOnCrash: 0, Is64bit: 1, IsPro: 1

COMMAND LINE ARGUMENTS:
D:\Unity Editor\6000.0.33f1\Editor\Unity.exe
-adb2
-batchMode
-noUpm
-name
AssetImportWorker6
-projectPath
D:/Unity/FPSController
-logFile
Logs/AssetImportWorker6.log
-srvPort
63189
-job-worker-count
7
-background-job-worker-count
8
-gc-helper-count
1
Successfully changed project path to: D:/Unity/FPSController
D:/Unity/FPSController
[UnityMemory] Configuration Parameters - Can be set up in boot.config
    "memorysetup-bucket-allocator-granularity=16"
    "memorysetup-bucket-allocator-bucket-count=8"
    "memorysetup-bucket-allocator-block-size=33554432"
    "memorysetup-bucket-allocator-block-count=8"
    "memorysetup-main-allocator-block-size=16777216"
    "memorysetup-thread-allocator-block-size=16777216"
    "memorysetup-gfx-main-allocator-block-size=16777216"
    "memorysetup-gfx-thread-allocator-block-size=16777216"
    "memorysetup-cache-allocator-block-size=4194304"
    "memorysetup-typetree-allocator-block-size=2097152"
    "memorysetup-profiler-bucket-allocator-granularity=16"
    "memorysetup-profiler-bucket-allocator-bucket-count=8"
    "memorysetup-profiler-bucket-allocator-block-size=33554432"
    "memorysetup-profiler-bucket-allocator-block-count=8"
    "memorysetup-profiler-allocator-block-size=16777216"
    "memorysetup-profiler-editor-allocator-block-size=1048576"
    "memorysetup-temp-allocator-size-main=16777216"
    "memorysetup-job-temp-allocator-block-size=2097152"
    "memorysetup-job-temp-allocator-block-size-background=1048576"
    "memorysetup-job-temp-allocator-reduction-small-platforms=262144"
    "memorysetup-allocator-temp-initial-block-size-main=262144"
    "memorysetup-allocator-temp-initial-block-size-worker=262144"
    "memorysetup-temp-allocator-size-background-worker=32768"
    "memorysetup-temp-allocator-size-job-worker=262144"
    "memorysetup-temp-allocator-size-preload-manager=33554432"
    "memorysetup-temp-allocator-size-nav-mesh-worker=65536"
    "memorysetup-temp-allocator-size-audio-worker=65536"
    "memorysetup-temp-allocator-size-cloud-worker=32768"
    "memorysetup-temp-allocator-size-gi-baking-worker=262144"
    "memorysetup-temp-allocator-size-gi-baking-worker=262144"
    "memorysetup-temp-allocator-size-gi-baking-worker=262144"
    "memorysetup-temp-allocator-size-gi-baking-worker=262144"
    "memorysetup-temp-allocator-size-gi-baking-worker=262144"
    "memorysetup-temp-allocator-size-gfx=262144"
Player connection [24504]  Target information:

Player connection [24504]  * "[IP] 192.168.1.17 [Port] 0 [Flags] 2 [Guid] 1568097327 [EditorId] 1568097327 [Version] 1048832 [Id] WindowsEditor(7,DESKTOP-B874NK3) [Debug] 1 [PackageName] WindowsEditor [ProjectName] Editor" 

Player connection [24504] Host joined multi-casting on [225.0.0.222:54997]...
Player connection [24504] Host joined alternative multi-casting on [225.0.0.222:34997]...
JobSystem: Creating JobQueue using job-worker-count value 7
[Physics::Module] Initialized fallback backend.
[Physics::Module] Id: 0xdecafbad
Library Redirect Path: Library/
[Physics::Module] Selected backend.
[Physics::Module] Name: PhysX
[Physics::Module] Id: 0xf2b8ea05
[Physics::Module] SDK Version: 4.1.2
[Physics::Module] Integration Version: 1.0.0
[Physics::Module] Threading Mode: Multi-Threaded
Refreshing native plugins compatible for Editor in 1.38 ms, found 3 plugins.
Preloading 0 native plugins for Editor in 0.00 ms.
Initialize engine version: 6000.0.33f1 (433b0a79340b)
[Subsystems] Discovering subsystems at path D:/Unity Editor/6000.0.33f1/Editor/Data/Resources/UnitySubsystems
[Subsystems] Discovering subsystems at path D:/Unity/FPSController/Assets
GfxDevice: creating device client; kGfxThreadingModeNonThreaded
Direct3D:
    Version:  Direct3D 11.0 [level 11.1]
    Renderer: NVIDIA GeForce RTX 3070 Laptop GPU (ID=0x249d)
    Vendor:   NVIDIA
    VRAM:     8020 MB
    Driver:   32.0.15.6614
Initialize mono
Mono path[0] = 'D:/Unity Editor/6000.0.33f1/Editor/Data/Managed'
Mono path[1] = 'D:/Unity Editor/6000.0.33f1/Editor/Data/MonoBleedingEdge/lib/mono/unityjit-win32'
Mono config path = 'D:/Unity Editor/6000.0.33f1/Editor/Data/MonoBleedingEdge/etc'
Using monoOptions --debugger-agent=transport=dt_socket,embedding=1,server=y,suspend=n,address=127.0.0.1:56572
Begin MonoManager ReloadAssembly
Registering precompiled unity dll's ...
Register platform support module: D:/Unity Editor/6000.0.33f1/Editor/Data/PlaybackEngines/WindowsStandaloneSupport/UnityEditor.WindowsStandalone.Extensions.dll
Registered in 0.004019 seconds.
- Loaded All Assemblies, in  0.531 seconds
Native extension for WindowsStandalone target not found
Mono: successfully reloaded assembly
- Finished resetting the current domain, in  0.472 seconds
Domain Reload Profiling: 1003ms
	BeginReloadAssembly (172ms)
		ExecutionOrderSort (0ms)
		DisableScriptedObjects (0ms)
		BackupInstance (0ms)
		ReleaseScriptingObjects (0ms)
		CreateAndSetChildDomain (1ms)
	RebuildCommonClasses (58ms)
	RebuildNativeTypeToScriptingClass (17ms)
	initialDomainReloadingComplete (69ms)
	LoadAllAssembliesAndSetupDomain (215ms)
		LoadAssemblies (170ms)
		RebuildTransferFunctionScriptingTraits (0ms)
		AnalyzeDomain (211ms)
			TypeCache.Refresh (209ms)
				TypeCache.ScanAssembly (190ms)
			BuildScriptInfoCaches (0ms)
			ResolveRequiredComponents (1ms)
	FinalizeReload (473ms)
		ReleaseScriptCaches (0ms)
		RebuildScriptCaches (0ms)
		SetupLoadedEditorAssemblies (398ms)
			LogAssemblyErrors (0ms)
			InitializePlatformSupportModulesInManaged (37ms)
			SetLoadedEditorAssemblies (5ms)
			BeforeProcessingInitializeOnLoad (74ms)
			ProcessInitializeOnLoadAttributes (210ms)
			ProcessInitializeOnLoadMethodAttributes (71ms)
			AfterProcessingInitializeOnLoad (0ms)
			EditorAssembliesLoaded (0ms)
		ExecutionOrderSort2 (0ms)
		AwakeInstancesAfterBackupRestoration (0ms)
========================================================================
Worker process is ready to serve import requests
Import Worker Mode flag is 0x00
Begin MonoManager ReloadAssembly
- Loaded All Assemblies, in  1.062 seconds
'Packages/com.unity.render-pipelines.high-definition/Editor/Wizard/HDWizard.UIElement.cs' contains partial class of Unity.Object, exactly 1 of the partial classes needs to be in a file with the same filename. This is to know the one that can be referenced from ie. GameObjects
'Packages/com.unity.render-pipelines.high-definition/Editor/Wizard/HDWizard.Configuration.cs' contains partial class of Unity.Object, exactly 1 of the partial classes needs to be in a file with the same filename. This is to know the one that can be referenced from ie. GameObjects
'Packages/com.unity.render-pipelines.high-definition/Editor/Wizard/HDWizard.Window.cs' contains partial class of Unity.Object, exactly 1 of the partial classes needs to be in a file with the same filename. This is to know the one that can be referenced from ie. GameObjects
Refreshing native plugins compatible for Editor in 0.85 ms, found 3 plugins.
Native extension for WindowsStandalone target not found
Mono: successfully reloaded assembly
- Finished resetting the current domain, in  1.261 seconds
Domain Reload Profiling: 2322ms
	BeginReloadAssembly (238ms)
		ExecutionOrderSort (0ms)
		DisableScriptedObjects (10ms)
		BackupInstance (0ms)
		ReleaseScriptingObjects (0ms)
		CreateAndSetChildDomain (58ms)
	RebuildCommonClasses (45ms)
	RebuildNativeTypeToScriptingClass (14ms)
	initialDomainReloadingComplete (46ms)
	LoadAllAssembliesAndSetupDomain (716ms)
		LoadAssemblies (430ms)
		RebuildTransferFunctionScriptingTraits (0ms)
		AnalyzeDomain (413ms)
			TypeCache.Refresh (312ms)
				TypeCache.ScanAssembly (293ms)
			BuildScriptInfoCaches (81ms)
			ResolveRequiredComponents (15ms)
	FinalizeReload (1262ms)
		ReleaseScriptCaches (0ms)
		RebuildScriptCaches (0ms)
		SetupLoadedEditorAssemblies (1061ms)
			LogAssemblyErrors (0ms)
			InitializePlatformSupportModulesInManaged (3ms)
			SetLoadedEditorAssemblies (7ms)
			BeforeProcessingInitializeOnLoad (135ms)
			ProcessInitializeOnLoadAttributes (565ms)
			ProcessInitializeOnLoadMethodAttributes (348ms)
			AfterProcessingInitializeOnLoad (2ms)
			EditorAssembliesLoaded (0ms)
		ExecutionOrderSort2 (0ms)
		AwakeInstancesAfterBackupRestoration (11ms)
Launched and connected shader compiler UnityShaderCompiler.exe after 0.02 seconds
Refreshing native plugins compatible for Editor in 1.02 ms, found 3 plugins.
Preloading 0 native plugins for Editor in 0.00 ms.
Unloading 503 Unused Serialized files (Serialized files now loaded: 0)
Unloading 7251 unused Assets / (8.0 MB). Loaded Objects now: 8212.
Memory consumption went from 320.6 MB to 312.6 MB.
Total: 14.250900 ms (FindLiveObjects: 1.219700 ms CreateObjectMapping: 1.088500 ms MarkObjects: 7.158300 ms  DeleteObjects: 4.781700 ms)

========================================================================
Received Prepare
Refreshing native plugins compatible for Editor in 1.17 ms, found 3 plugins.
Preloading 0 native plugins for Editor in 0.00 ms.
Unloading 27 Unused Serialized files (Serialized files now loaded: 0)
Unloading 26 unused Assets / (3.9 MB). Loaded Objects now: 8213.
Memory consumption went from 253.8 MB to 249.9 MB.
Total: 9.033300 ms (FindLiveObjects: 0.844700 ms CreateObjectMapping: 0.888200 ms MarkObjects: 6.302800 ms  DeleteObjects: 0.996100 ms)

Prepare: number of updated asset objects reloaded= 0
========================================================================
Received Import Request.
  Time since last request: 667005.664741 seconds.
  path: Assets/Cowsins/Textures/AmmoBox/HandleAmmoBox-Metallic.png
  artifactKey: Guid(6aea966b12fed64408e29f38dcebcdd0) Importer(815301076,1909f56bfc062723c751e8b465ee728b)
Start importing Assets/Cowsins/Textures/AmmoBox/HandleAmmoBox-Metallic.png using Guid(6aea966b12fed64408e29f38dcebcdd0) Importer(815301076,1909f56bfc062723c751e8b465ee728b) (PreviewImporter) -> (artifact id: 'cfbb398d1cc1cfd0b083131a6dbca339') in 0.0979194 seconds
Number of updated asset objects reloaded before import = 0Number of asset objects unloaded after import = 2

========================================================================
Received Import Request.
  Time since last request: 0.000034 seconds.
  path: Assets/Cowsins/SFX/Footsteps/metal_Footsteps02.wav
  artifactKey: Guid(71aab2bc571c17e4b8b65856ec082791) Importer(815301076,1909f56bfc062723c751e8b465ee728b)
Start importing Assets/Cowsins/SFX/Footsteps/metal_Footsteps02.wav using Guid(71aab2bc571c17e4b8b65856ec082791) Importer(815301076,1909f56bfc062723c751e8b465ee728b) (PreviewImporter) -> (artifact id: '345d55dcdbc9e602b235eb4aead9b605') in 0.106528 seconds
Number of updated asset objects reloaded before import = 0Number of asset objects unloaded after import = 2

========================================================================
Received Import Request.
  Time since last request: 0.000031 seconds.
  path: Assets/Cowsins/Models/Weapons/KatanaRig.fbx
  artifactKey: Guid(5f0f90d1069e9af47af63c56def6bc1b) Importer(815301076,1909f56bfc062723c751e8b465ee728b)
Start importing Assets/Cowsins/Models/Weapons/KatanaRig.fbx using Guid(5f0f90d1069e9af47af63c56def6bc1b) Importer(815301076,1909f56bfc062723c751e8b465ee728b) (PreviewImporter) -> (artifact id: '1153c087513d5494a987e1391dae8887') in 1.4256488 seconds
Number of updated asset objects reloaded before import = 0Number of asset objects unloaded after import = 193

========================================================================
Received Prepare
Begin MonoManager ReloadAssembly
Leak Detected : Persistent allocates 8 individual allocations. To find out more please enable 'Preferences > Jobs > Leak Detection Level > Enabled With Stack Trace' and reproduce the leak again.
- Loaded All Assemblies, in  1.001 seconds
'Packages/com.unity.render-pipelines.high-definition/Editor/Wizard/HDWizard.UIElement.cs' contains partial class of Unity.Object, exactly 1 of the partial classes needs to be in a file with the same filename. This is to know the one that can be referenced from ie. GameObjects
'Packages/com.unity.render-pipelines.high-definition/Editor/Wizard/HDWizard.Configuration.cs' contains partial class of Unity.Object, exactly 1 of the partial classes needs to be in a file with the same filename. This is to know the one that can be referenced from ie. GameObjects
'Packages/com.unity.render-pipelines.high-definition/Editor/Wizard/HDWizard.Window.cs' contains partial class of Unity.Object, exactly 1 of the partial classes needs to be in a file with the same filename. This is to know the one that can be referenced from ie. GameObjects
Refreshing native plugins compatible for Editor in 0.76 ms, found 3 plugins.
Native extension for WindowsStandalone target not found
Mono: successfully reloaded assembly
- Finished resetting the current domain, in  1.212 seconds
Domain Reload Profiling: 2215ms
	BeginReloadAssembly (332ms)
		ExecutionOrderSort (0ms)
		DisableScriptedObjects (43ms)
		BackupInstance (0ms)
		ReleaseScriptingObjects (0ms)
		CreateAndSetChildDomain (102ms)
	RebuildCommonClasses (43ms)
	RebuildNativeTypeToScriptingClass (17ms)
	initialDomainReloadingComplete (34ms)
	LoadAllAssembliesAndSetupDomain (575ms)
		LoadAssemblies (413ms)
		RebuildTransferFunctionScriptingTraits (0ms)
		AnalyzeDomain (288ms)
			TypeCache.Refresh (9ms)
				TypeCache.ScanAssembly (0ms)
			BuildScriptInfoCaches (260ms)
			ResolveRequiredComponents (14ms)
	FinalizeReload (1213ms)
		ReleaseScriptCaches (0ms)
		RebuildScriptCaches (0ms)
		SetupLoadedEditorAssemblies (848ms)
			LogAssemblyErrors (0ms)
			InitializePlatformSupportModulesInManaged (3ms)
			SetLoadedEditorAssemblies (5ms)
			BeforeProcessingInitializeOnLoad (136ms)
			ProcessInitializeOnLoadAttributes (583ms)
			ProcessInitializeOnLoadMethodAttributes (117ms)
			AfterProcessingInitializeOnLoad (4ms)
			EditorAssembliesLoaded (1ms)
		ExecutionOrderSort2 (0ms)
		AwakeInstancesAfterBackupRestoration (32ms)
Refreshing native plugins compatible for Editor in 1.41 ms, found 3 plugins.
Preloading 0 native plugins for Editor in 0.00 ms.
Unloading 43 Unused Serialized files (Serialized files now loaded: 0)
Unloading 7249 unused Assets / (9.3 MB). Loaded Objects now: 8358.
Memory consumption went from 301.9 MB to 292.5 MB.
Total: 42.155300 ms (FindLiveObjects: 2.695600 ms CreateObjectMapping: 3.849900 ms MarkObjects: 19.127900 ms  DeleteObjects: 16.478800 ms)

Prepare: number of updated asset objects reloaded= 0
========================================================================
Received Prepare
Refreshing native plugins compatible for Editor in 1.10 ms, found 3 plugins.
Preloading 0 native plugins for Editor in 0.00 ms.
Unloading 26 Unused Serialized files (Serialized files now loaded: 0)
Unloading 26 unused Assets / (4.0 MB). Loaded Objects now: 8358.
Memory consumption went from 292.9 MB to 289.0 MB.
Total: 9.168700 ms (FindLiveObjects: 0.604400 ms CreateObjectMapping: 0.441300 ms MarkObjects: 6.529000 ms  DeleteObjects: 1.590600 ms)

Prepare: number of updated asset objects reloaded= 0
========================================================================
Received Import Request.
  Time since last request: 359.602889 seconds.
  path: Packages/com.unity.render-pipelines.high-definition/Runtime/RenderPipelineResources/Texture/Matcap/MatcapMetal.png
  artifactKey: Guid(3bd8919faa0a6ea4abda0b87555be743) Importer(815301076,1909f56bfc062723c751e8b465ee728b)
Start importing Packages/com.unity.render-pipelines.high-definition/Runtime/RenderPipelineResources/Texture/Matcap/MatcapMetal.png using Guid(3bd8919faa0a6ea4abda0b87555be743) Importer(815301076,1909f56bfc062723c751e8b465ee728b) (PreviewImporter) -> (artifact id: 'dc39e0a8d304dd23741a513f7ad51ce8') in 0.1049439 seconds
Number of updated asset objects reloaded before import = 0Number of asset objects unloaded after import = 2

========================================================================
Received Import Request.
  Time since last request: 0.000026 seconds.
  path: Packages/com.unity.render-pipelines.high-definition/Editor/SceneTemplates/Materials/Metal_Black.mat
  artifactKey: Guid(386f85bf34e029e46b6d1f521cb0602b) Importer(815301076,1909f56bfc062723c751e8b465ee728b)
Start importing Packages/com.unity.render-pipelines.high-definition/Editor/SceneTemplates/Materials/Metal_Black.mat using Guid(386f85bf34e029e46b6d1f521cb0602b) Importer(815301076,1909f56bfc062723c751e8b465ee728b) (PreviewImporter) -> (artifact id: '3f48d94a27f163116e5366feb8e1e6c7') in 0.9807392 seconds
Number of updated asset objects reloaded before import = 0Number of asset objects unloaded after import = 1

========================================================================
Received Import Request.
  Time since last request: 7.354640 seconds.
  path: Assets/Cowsins/Materials/UI/BlurLow.mat
  artifactKey: Guid(e112df0f0c77bce4ea11901fcfc1eaf1) Importer(815301076,1909f56bfc062723c751e8b465ee728b)
Start importing Assets/Cowsins/Materials/UI/BlurLow.mat using Guid(e112df0f0c77bce4ea11901fcfc1eaf1) Importer(815301076,1909f56bfc062723c751e8b465ee728b) (PreviewImporter) -> (artifact id: 'c7a6475aff4c55cbd81f47596e75a8d4') in 0.0253645 seconds
Number of updated asset objects reloaded before import = 0Number of asset objects unloaded after import = 1

========================================================================
Received Import Request.
  Time since last request: 7.145750 seconds.
  path: Assets/Cowsins/Materials/VFX/MuzzleFlash/FlashMuzzleAlpha.mat
  artifactKey: Guid(53c0d1dd31d31ac4492622b7cbc78eca) Importer(815301076,1909f56bfc062723c751e8b465ee728b)
Start importing Assets/Cowsins/Materials/VFX/MuzzleFlash/FlashMuzzleAlpha.mat using Guid(53c0d1dd31d31ac4492622b7cbc78eca) Importer(815301076,1909f56bfc062723c751e8b465ee728b) (PreviewImporter) -> (artifact id: '917c3d13f04a9802e5cba92ea615b1e1') in 0.02374 seconds
Number of updated asset objects reloaded before import = 0Number of asset objects unloaded after import = 2

========================================================================
Received Import Request.
  Time since last request: 0.000041 seconds.
  path: Assets/Cowsins/Materials/VFX/MuzzleFlash/SoftGlow.mat
  artifactKey: Guid(00e58af669cd71542ace2ad071e32a18) Importer(815301076,1909f56bfc062723c751e8b465ee728b)
Start importing Assets/Cowsins/Materials/VFX/MuzzleFlash/SoftGlow.mat using Guid(00e58af669cd71542ace2ad071e32a18) Importer(815301076,1909f56bfc062723c751e8b465ee728b) (PreviewImporter) -> (artifact id: 'f7b069ab13983cd51f0c7d25721d1daf') in 0.0452869 seconds
Number of updated asset objects reloaded before import = 0Number of asset objects unloaded after import = 2

========================================================================
Received Import Request.
  Time since last request: 16.889326 seconds.
  path: Assets/Cowsins/Prefabs/Others/CircularTargetEnemy.prefab
  artifactKey: Guid(b9c8e0d0f0afbb34aa2585436023090f) Importer(815301076,1909f56bfc062723c751e8b465ee728b)
Start importing Assets/Cowsins/Prefabs/Others/CircularTargetEnemy.prefab using Guid(b9c8e0d0f0afbb34aa2585436023090f) Importer(815301076,1909f56bfc062723c751e8b465ee728b) (PreviewImporter) -> (artifact id: '4e0c62825aa0749dcb82b3534e493a04') in 0.0438885 seconds
Number of updated asset objects reloaded before import = 0Number of asset objects unloaded after import = 19

========================================================================
Received Import Request.
  Time since last request: 0.000093 seconds.
  path: Assets/Cowsins/Prefabs/Others/FracturedExplosiveBarrel.prefab
  artifactKey: Guid(00e0760812b7abf4b8dee1d0de11e178) Importer(815301076,1909f56bfc062723c751e8b465ee728b)
Start importing Assets/Cowsins/Prefabs/Others/FracturedExplosiveBarrel.prefab using Guid(00e0760812b7abf4b8dee1d0de11e178) Importer(815301076,1909f56bfc062723c751e8b465ee728b) (PreviewImporter) -> (artifact id: '664b17387133fbce5809a1c3d856f7c0') in 0.0281983 seconds
Number of updated asset objects reloaded before import = 0Number of asset objects unloaded after import = 86

========================================================================
Received Import Request.
  Time since last request: 0.000032 seconds.
  path: Assets/Cowsins/Prefabs/Others/FracturedCrate_01.prefab
  artifactKey: Guid(65944597c3866fc4cbc8300a510bab01) Importer(815301076,1909f56bfc062723c751e8b465ee728b)
Start importing Assets/Cowsins/Prefabs/Others/FracturedCrate_01.prefab using Guid(65944597c3866fc4cbc8300a510bab01) Importer(815301076,1909f56bfc062723c751e8b465ee728b) (PreviewImporter) -> (artifact id: 'd2e04d487f56d41888cc6b2c1d98c8ee') in 0.032205 seconds
Number of updated asset objects reloaded before import = 0Number of asset objects unloaded after import = 435

========================================================================
Received Import Request.
  Time since last request: 5.698642 seconds.
  path: Assets/Cowsins/Prefabs/Others/UI/DashUIElement.prefab
  artifactKey: Guid(34bbe7305e271ba4aba821d70021213e) Importer(815301076,1909f56bfc062723c751e8b465ee728b)
Start importing Assets/Cowsins/Prefabs/Others/UI/DashUIElement.prefab using Guid(34bbe7305e271ba4aba821d70021213e) Importer(815301076,1909f56bfc062723c751e8b465ee728b) (PreviewImporter) -> (artifact id: '0e092cd334550f532db78deba09a3b7d') in 0.0078965 seconds
Number of updated asset objects reloaded before import = 0Number of asset objects unloaded after import = 16

========================================================================
Received Import Request.
  Time since last request: 0.000035 seconds.
  path: Assets/Cowsins/Prefabs/Others/UI/PlayerUI.prefab
  artifactKey: Guid(48487ed79b7a6b640af4e489a214b984) Importer(815301076,1909f56bfc062723c751e8b465ee728b)
Start importing Assets/Cowsins/Prefabs/Others/UI/PlayerUI.prefab using Guid(48487ed79b7a6b640af4e489a214b984) Importer(815301076,1909f56bfc062723c751e8b465ee728b) (PreviewImporter) -> (artifact id: '3067a841e340401a69948fd9eb8b1311') in 0.1080404 seconds
Number of updated asset objects reloaded before import = 0Number of asset objects unloaded after import = 593

========================================================================
Received Import Request.
  Time since last request: 11.210636 seconds.
  path: Assets/Cowsins/Prefabs/Bullets/TurretProjectile.prefab
  artifactKey: Guid(7a0f6b3f4b031ea4cac9dadef4b415de) Importer(815301076,1909f56bfc062723c751e8b465ee728b)
Start importing Assets/Cowsins/Prefabs/Bullets/TurretProjectile.prefab using Guid(7a0f6b3f4b031ea4cac9dadef4b415de) Importer(815301076,1909f56bfc062723c751e8b465ee728b) (PreviewImporter) -> (artifact id: 'e58979a6ed4d07d2148c1d1efa185c51') in 0.0272234 seconds
Number of updated asset objects reloaded before import = 0Number of asset objects unloaded after import = 23

========================================================================
Received Import Request.
  Time since last request: 4.293239 seconds.
  path: Assets/Cowsins/Prefabs/DragAndDropExtras/BasicGround.prefab
  artifactKey: Guid(8c313f6799efa9f419ac8b753e10384f) Importer(815301076,1909f56bfc062723c751e8b465ee728b)
Start importing Assets/Cowsins/Prefabs/DragAndDropExtras/BasicGround.prefab using Guid(8c313f6799efa9f419ac8b753e10384f) Importer(815301076,1909f56bfc062723c751e8b465ee728b) (PreviewImporter) -> (artifact id: 'e72380d64abc6335577f310d226bb8a3') in 0.0219795 seconds
Number of updated asset objects reloaded before import = 0Number of asset objects unloaded after import = 11

========================================================================
Received Import Request.
  Time since last request: 0.000098 seconds.
  path: Assets/Cowsins/Prefabs/DragAndDropExtras/Door.prefab
  artifactKey: Guid(5bfd461630053c74ebb370dba01350a8) Importer(815301076,1909f56bfc062723c751e8b465ee728b)
Start importing Assets/Cowsins/Prefabs/DragAndDropExtras/Door.prefab using Guid(5bfd461630053c74ebb370dba01350a8) Importer(815301076,1909f56bfc062723c751e8b465ee728b) (PreviewImporter) -> (artifact id: '07ae8d1e0c1f2a7f7d6e5207d797a660') in 0.0288246 seconds
Number of updated asset objects reloaded before import = 0Number of asset objects unloaded after import = 54

========================================================================
Received Import Request.
  Time since last request: 0.000044 seconds.
  path: Assets/Cowsins/Prefabs/DragAndDropExtras/GenericDestructible.prefab
  artifactKey: Guid(809ba16590bb53a4f82ae81f1d1dbc5a) Importer(815301076,1909f56bfc062723c751e8b465ee728b)
Start importing Assets/Cowsins/Prefabs/DragAndDropExtras/GenericDestructible.prefab using Guid(809ba16590bb53a4f82ae81f1d1dbc5a) Importer(815301076,1909f56bfc062723c751e8b465ee728b) (PreviewImporter) -> (artifact id: 'dddea173b284b25f17a2d23b2a85f1ca') in 0.027565 seconds
Number of updated asset objects reloaded before import = 0Number of asset objects unloaded after import = 11

========================================================================
Received Import Request.
  Time since last request: 0.000050 seconds.
  path: Assets/Cowsins/Prefabs/DragAndDropExtras/Lootbox_Free.prefab
  artifactKey: Guid(e02fc7ec606308e47a9b911ffe99f8ed) Importer(815301076,1909f56bfc062723c751e8b465ee728b)
Start importing Assets/Cowsins/Prefabs/DragAndDropExtras/Lootbox_Free.prefab using Guid(e02fc7ec606308e47a9b911ffe99f8ed) Importer(815301076,1909f56bfc062723c751e8b465ee728b) (PreviewImporter)Refreshing native plugins compatible for Editor in 1.17 ms, found 3 plugins.
Preloading 0 native plugins for Editor in 0.00 ms.
 -> (artifact id: 'f146f7fc6aaf31de4878a008e53962e2') in 0.3224782 seconds
Number of updated asset objects reloaded before import = 0Number of asset objects unloaded after import = 2197

========================================================================
Received Import Request.
  Time since last request: 0.000058 seconds.
  path: Assets/Cowsins/Prefabs/DragAndDropExtras/NonFracturedCrate_01.prefab
  artifactKey: Guid(62dcc6177919bcc4f99bcce0ea631923) Importer(815301076,1909f56bfc062723c751e8b465ee728b)
Start importing Assets/Cowsins/Prefabs/DragAndDropExtras/NonFracturedCrate_01.prefab using Guid(62dcc6177919bcc4f99bcce0ea631923) Importer(815301076,1909f56bfc062723c751e8b465ee728b) (PreviewImporter) -> (artifact id: 'd55453014d31bd0046bf505ff7125a87') in 0.0340368 seconds
Number of updated asset objects reloaded before import = 0Number of asset objects unloaded after import = 494

========================================================================
Received Import Request.
  Time since last request: 0.000062 seconds.
  path: Assets/Cowsins/Prefabs/DragAndDropExtras/ExplosiveBarrel.prefab
  artifactKey: Guid(20fc706c70f88d74e91edcc0479157ec) Importer(815301076,1909f56bfc062723c751e8b465ee728b)
Start importing Assets/Cowsins/Prefabs/DragAndDropExtras/ExplosiveBarrel.prefab using Guid(20fc706c70f88d74e91edcc0479157ec) Importer(815301076,1909f56bfc062723c751e8b465ee728b) (PreviewImporter)Refreshing native plugins compatible for Editor in 1.04 ms, found 3 plugins.
Preloading 0 native plugins for Editor in 0.00 ms.
 -> (artifact id: 'd68f0dc77164ea9ad7560c98b5029080') in 0.0417439 seconds
Number of updated asset objects reloaded before import = 0Number of asset objects unloaded after import = 145

========================================================================
Received Import Request.
  Time since last request: 3.350344 seconds.
  path: Assets/Cowsins/Prefabs/GraphicsExtra/Mp5PickUpGraphics.prefab
  artifactKey: Guid(415486020d4679a4d83f7c43c72e8b17) Importer(815301076,1909f56bfc062723c751e8b465ee728b)
Start importing Assets/Cowsins/Prefabs/GraphicsExtra/Mp5PickUpGraphics.prefab using Guid(415486020d4679a4d83f7c43c72e8b17) Importer(815301076,1909f56bfc062723c751e8b465ee728b) (PreviewImporter) -> (artifact id: '474b89c6a221f9fc4a80d0e2588003aa') in 0.0220823 seconds
Number of updated asset objects reloaded before import = 0Number of asset objects unloaded after import = 23

========================================================================
Received Import Request.
  Time since last request: 0.000055 seconds.
  path: Assets/Cowsins/Prefabs/GraphicsExtra/RiflePickUpGraphics.prefab
  artifactKey: Guid(e7e3845b234f68b419f5691520f72f04) Importer(815301076,1909f56bfc062723c751e8b465ee728b)
Start importing Assets/Cowsins/Prefabs/GraphicsExtra/RiflePickUpGraphics.prefab using Guid(e7e3845b234f68b419f5691520f72f04) Importer(815301076,1909f56bfc062723c751e8b465ee728b) (PreviewImporter) -> (artifact id: 'ffb959103a7b414033b1203d7b5deb00') in 0.039172 seconds
Number of updated asset objects reloaded before import = 0Number of asset objects unloaded after import = 271

========================================================================
Received Import Request.
  Time since last request: 4.121936 seconds.
  path: Assets/Cowsins/Prefabs/GraphicsExtra/Attachments/BigScope_GraphicsPickUp.prefab
  artifactKey: Guid(b16b27c53f3c1cb49a06ec81263fa486) Importer(815301076,1909f56bfc062723c751e8b465ee728b)
Start importing Assets/Cowsins/Prefabs/GraphicsExtra/Attachments/BigScope_GraphicsPickUp.prefab using Guid(b16b27c53f3c1cb49a06ec81263fa486) Importer(815301076,1909f56bfc062723c751e8b465ee728b) (PreviewImporter) -> (artifact id: '4aa0ea9daa2546636a1e19f8fa3daa5e') in 0.0301769 seconds
Number of updated asset objects reloaded before import = 0Number of asset objects unloaded after import = 39

========================================================================
Received Import Request.
  Time since last request: 0.000040 seconds.
  path: Assets/Cowsins/Prefabs/GraphicsExtra/Attachments/LightBarrel_GraphicsPickUp.prefab
  artifactKey: Guid(424593b91075184478f2ec067bc907e6) Importer(815301076,1909f56bfc062723c751e8b465ee728b)
Start importing Assets/Cowsins/Prefabs/GraphicsExtra/Attachments/LightBarrel_GraphicsPickUp.prefab using Guid(424593b91075184478f2ec067bc907e6) Importer(815301076,1909f56bfc062723c751e8b465ee728b) (PreviewImporter) -> (artifact id: '33b21116b0567c66fc242bc5e7a16f2e') in 0.0319425 seconds
Number of updated asset objects reloaded before import = 0Number of asset objects unloaded after import = 16

========================================================================
Received Import Request.
  Time since last request: 4.450806 seconds.
  path: Assets/Cowsins/Prefabs/GraphicsExtra/OldWeapons/FNXPickUp.prefab
  artifactKey: Guid(38510495a5c7f2b44b1a19313d96e61e) Importer(815301076,1909f56bfc062723c751e8b465ee728b)
Start importing Assets/Cowsins/Prefabs/GraphicsExtra/OldWeapons/FNXPickUp.prefab using Guid(38510495a5c7f2b44b1a19313d96e61e) Importer(815301076,1909f56bfc062723c751e8b465ee728b) (PreviewImporter) -> (artifact id: '53ed9eba5f304af88c385543b802695e') in 0.0422941 seconds
Number of updated asset objects reloaded before import = 0Number of asset objects unloaded after import = 168

========================================================================
Received Import Request.
  Time since last request: 23.097355 seconds.
  path: Assets/Cowsins/Prefabs/PlayerControllers/MovementCowsinsFPSController.prefab
  artifactKey: Guid(8472a9cdac198684a9b2426ac2dd66c3) Importer(815301076,1909f56bfc062723c751e8b465ee728b)
Start importing Assets/Cowsins/Prefabs/PlayerControllers/MovementCowsinsFPSController.prefab using Guid(8472a9cdac198684a9b2426ac2dd66c3) Importer(815301076,1909f56bfc062723c751e8b465ee728b) (PreviewImporter)Refreshing native plugins compatible for Editor in 0.93 ms, found 3 plugins.
Preloading 0 native plugins for Editor in 0.00 ms.
 -> (artifact id: '9be9befea83b0989633c8e4b70ab91dc') in 0.9734089 seconds
Number of updated asset objects reloaded before import = 0Number of asset objects unloaded after import = 5140

========================================================================
Received Import Request.
  Time since last request: 2.140987 seconds.
  path: Assets/Cowsins/Prefabs/Projectiles/Rocket.prefab
  artifactKey: Guid(9771f073acaf99348baed193b81f5eb3) Importer(815301076,1909f56bfc062723c751e8b465ee728b)
Start importing Assets/Cowsins/Prefabs/Projectiles/Rocket.prefab using Guid(9771f073acaf99348baed193b81f5eb3) Importer(815301076,1909f56bfc062723c751e8b465ee728b) (PreviewImporter)Refreshing native plugins compatible for Editor in 0.95 ms, found 3 plugins.
Preloading 0 native plugins for Editor in 0.00 ms.
 -> (artifact id: '304334475089f9ed81672525520014b3') in 0.0454649 seconds
Number of updated asset objects reloaded before import = 0Number of asset objects unloaded after import = 71

========================================================================
Received Import Request.
  Time since last request: 3.857352 seconds.
  path: Assets/Cowsins/Prefabs/Weapons/CowsinsBlankWeaponTemplate.prefab
  artifactKey: Guid(c405ccabf71b5d041abd12e9d6fd8b16) Importer(815301076,1909f56bfc062723c751e8b465ee728b)
Start importing Assets/Cowsins/Prefabs/Weapons/CowsinsBlankWeaponTemplate.prefab using Guid(c405ccabf71b5d041abd12e9d6fd8b16) Importer(815301076,1909f56bfc062723c751e8b465ee728b) (PreviewImporter) -> (artifact id: 'b17cc6af97b7a39eb9740050f853acd5') in 0.0034259 seconds
Number of updated asset objects reloaded before import = 0Number of asset objects unloaded after import = 19

========================================================================
Received Import Request.
  Time since last request: 0.000029 seconds.
  path: Assets/Cowsins/Prefabs/Weapons/RevolverWeapon.prefab
  artifactKey: Guid(2e64c751c6b081045973e5c86b16952a) Importer(815301076,1909f56bfc062723c751e8b465ee728b)
Start importing Assets/Cowsins/Prefabs/Weapons/RevolverWeapon.prefab using Guid(2e64c751c6b081045973e5c86b16952a) Importer(815301076,1909f56bfc062723c751e8b465ee728b) (PreviewImporter)Refreshing native plugins compatible for Editor in 1.48 ms, found 3 plugins.
Preloading 0 native plugins for Editor in 0.00 ms.
 -> (artifact id: '4bb3e99a3aa745213c93c200344ffca8') in 0.102938 seconds
Number of updated asset objects reloaded before import = 0Number of asset objects unloaded after import = 623

========================================================================
Received Import Request.
  Time since last request: 0.000051 seconds.
  path: Assets/Cowsins/Prefabs/Weapons/RocketLauncher_WeaponObject.prefab
  artifactKey: Guid(746a44ab2ff89b540aef7873f223835d) Importer(815301076,1909f56bfc062723c751e8b465ee728b)
Start importing Assets/Cowsins/Prefabs/Weapons/RocketLauncher_WeaponObject.prefab using Guid(746a44ab2ff89b540aef7873f223835d) Importer(815301076,1909f56bfc062723c751e8b465ee728b) (PreviewImporter)Refreshing native plugins compatible for Editor in 0.89 ms, found 3 plugins.
Preloading 0 native plugins for Editor in 0.00 ms.
 -> (artifact id: '18eebbb4e408204cf17cbc95693aee62') in 0.1047863 seconds
Number of updated asset objects reloaded before import = 0Number of asset objects unloaded after import = 636

========================================================================
Received Import Request.
  Time since last request: 7.777231 seconds.
  path: Assets/Readme.asset
  artifactKey: Guid(7f2c382dc2c22446db59030979f6e495) Importer(815301076,1909f56bfc062723c751e8b465ee728b)
Start importing Assets/Readme.asset using Guid(7f2c382dc2c22446db59030979f6e495) Importer(815301076,1909f56bfc062723c751e8b465ee728b) (PreviewImporter) -> (artifact id: 'beff2e647ad2a1b50563b87b3e61e593') in 0.0048572 seconds
Number of updated asset objects reloaded before import = 0Number of asset objects unloaded after import = 2

========================================================================
Received Prepare
Begin MonoManager ReloadAssembly
Leak Detected : Persistent allocates 8 individual allocations. To find out more please enable 'Preferences > Jobs > Leak Detection Level > Enabled With Stack Trace' and reproduce the leak again.
- Loaded All Assemblies, in  1.031 seconds
'Packages/com.unity.render-pipelines.high-definition/Editor/Wizard/HDWizard.UIElement.cs' contains partial class of Unity.Object, exactly 1 of the partial classes needs to be in a file with the same filename. This is to know the one that can be referenced from ie. GameObjects
'Packages/com.unity.render-pipelines.high-definition/Editor/Wizard/HDWizard.Configuration.cs' contains partial class of Unity.Object, exactly 1 of the partial classes needs to be in a file with the same filename. This is to know the one that can be referenced from ie. GameObjects
'Packages/com.unity.render-pipelines.high-definition/Editor/Wizard/HDWizard.Window.cs' contains partial class of Unity.Object, exactly 1 of the partial classes needs to be in a file with the same filename. This is to know the one that can be referenced from ie. GameObjects
Refreshing native plugins compatible for Editor in 0.75 ms, found 3 plugins.
Native extension for WindowsStandalone target not found
Mono: successfully reloaded assembly
- Finished resetting the current domain, in  1.000 seconds
Domain Reload Profiling: 2034ms
	BeginReloadAssembly (330ms)
		ExecutionOrderSort (0ms)
		DisableScriptedObjects (50ms)
		BackupInstance (0ms)
		ReleaseScriptingObjects (0ms)
		CreateAndSetChildDomain (105ms)
	RebuildCommonClasses (47ms)
	RebuildNativeTypeToScriptingClass (15ms)
	initialDomainReloadingComplete (30ms)
	LoadAllAssembliesAndSetupDomain (611ms)
		LoadAssemblies (448ms)
		RebuildTransferFunctionScriptingTraits (0ms)
		AnalyzeDomain (282ms)
			TypeCache.Refresh (9ms)
				TypeCache.ScanAssembly (0ms)
			BuildScriptInfoCaches (254ms)
			ResolveRequiredComponents (14ms)
	FinalizeReload (1001ms)
		ReleaseScriptCaches (0ms)
		RebuildScriptCaches (0ms)
		SetupLoadedEditorAssemblies (705ms)
			LogAssemblyErrors (0ms)
			InitializePlatformSupportModulesInManaged (3ms)
			SetLoadedEditorAssemblies (5ms)
			BeforeProcessingInitializeOnLoad (131ms)
			ProcessInitializeOnLoadAttributes (487ms)
			ProcessInitializeOnLoadMethodAttributes (75ms)
			AfterProcessingInitializeOnLoad (3ms)
			EditorAssembliesLoaded (0ms)
		ExecutionOrderSort2 (0ms)
		AwakeInstancesAfterBackupRestoration (19ms)
Refreshing native plugins compatible for Editor in 1.18 ms, found 3 plugins.
Preloading 0 native plugins for Editor in 0.00 ms.
Unloading 26 Unused Serialized files (Serialized files now loaded: 0)
Unloading 7251 unused Assets / (8.4 MB). Loaded Objects now: 8428.
Memory consumption went from 302.9 MB to 294.5 MB.
Total: 20.799600 ms (FindLiveObjects: 1.473500 ms CreateObjectMapping: 1.804200 ms MarkObjects: 9.599900 ms  DeleteObjects: 7.920100 ms)

Prepare: number of updated asset objects reloaded= 0
========================================================================
Received Import Request.
  Time since last request: 396.807324 seconds.
  path: Packages/com.unity.visualeffectgraph/Editor/Templates/UI/3d_Simple_Loop.png
  artifactKey: Guid(4a42d40ceca84d442be405142e3f9e18) Importer(815301076,1909f56bfc062723c751e8b465ee728b)
Start importing Packages/com.unity.visualeffectgraph/Editor/Templates/UI/3d_Simple_Loop.png using Guid(4a42d40ceca84d442be405142e3f9e18) Importer(815301076,1909f56bfc062723c751e8b465ee728b) (PreviewImporter) -> (artifact id: '7ec7b2a04935d07d94f4f2816c5a0f4e') in 0.1077089 seconds
Number of updated asset objects reloaded before import = 0Number of asset objects unloaded after import = 2

========================================================================
Received Import Request.
  Time since last request: 0.000022 seconds.
  path: Packages/com.unity.visualeffectgraph/Editor/Templates/UI/d_SimpleBurst@256.png
  artifactKey: Guid(4e025737879c8da41b628a8f5795be50) Importer(815301076,1909f56bfc062723c751e8b465ee728b)
Start importing Packages/com.unity.visualeffectgraph/Editor/Templates/UI/d_SimpleBurst@256.png using Guid(4e025737879c8da41b628a8f5795be50) Importer(815301076,1909f56bfc062723c751e8b465ee728b) (PreviewImporter) -> (artifact id: '143c22aef261f9e79edf657dbb92a992') in 0.0197615 seconds
Number of updated asset objects reloaded before import = 0Number of asset objects unloaded after import = 2

========================================================================
Received Import Request.
  Time since last request: 0.000035 seconds.
  path: Packages/com.unity.visualeffectgraph/Editor/Templates/UI/d_SimpleLoop@256.png
  artifactKey: Guid(c0cb1f86c4771494abd05f7776bc4cc0) Importer(815301076,1909f56bfc062723c751e8b465ee728b)
Start importing Packages/com.unity.visualeffectgraph/Editor/Templates/UI/d_SimpleLoop@256.png using Guid(c0cb1f86c4771494abd05f7776bc4cc0) Importer(815301076,1909f56bfc062723c751e8b465ee728b) (PreviewImporter) -> (artifact id: '805b4cfc58f7946d21efc668589fe48f') in 0.0162417 seconds
Number of updated asset objects reloaded before import = 0Number of asset objects unloaded after import = 2

========================================================================
Received Import Request.
  Time since last request: 0.000037 seconds.
  path: Packages/com.unity.render-pipelines.core/Editor/Icons/RenderGraphViewer/d_Import@2x.png
  artifactKey: Guid(33191aa3ed97cff4aa04bf4719f713ed) Importer(815301076,1909f56bfc062723c751e8b465ee728b)
Start importing Packages/com.unity.render-pipelines.core/Editor/Icons/RenderGraphViewer/d_Import@2x.png using Guid(33191aa3ed97cff4aa04bf4719f713ed) Importer(815301076,1909f56bfc062723c751e8b465ee728b) (PreviewImporter) -> (artifact id: '0b5a477718abc32670d5f37160c78819') in 0.0166125 seconds
Number of updated asset objects reloaded before import = 0Number of asset objects unloaded after import = 2

========================================================================
Received Import Request.
  Time since last request: 4.626417 seconds.
  path: Packages/com.unity.visualeffectgraph/Editor/Templates/UI/d_VFXAsset@256.png
  artifactKey: Guid(a0e22d2f92aa37d4ea234dac776c4116) Importer(815301076,1909f56bfc062723c751e8b465ee728b)
Start importing Packages/com.unity.visualeffectgraph/Editor/Templates/UI/d_VFXAsset@256.png using Guid(a0e22d2f92aa37d4ea234dac776c4116) Importer(815301076,1909f56bfc062723c751e8b465ee728b) (PreviewImporter) -> (artifact id: '0cea38dd543e57f517f844056595be73') in 0.0147633 seconds
Number of updated asset objects reloaded before import = 0Number of asset objects unloaded after import = 2

========================================================================
Received Import Request.
  Time since last request: 0.000023 seconds.
  path: Packages/com.unity.visualeffectgraph/Editor/UIResources/uss/VFXAnchoredProfiler.uss
  artifactKey: Guid(6a85159f64dd48b596ff4a73b977c70e) Importer(815301076,1909f56bfc062723c751e8b465ee728b)
Start importing Packages/com.unity.visualeffectgraph/Editor/UIResources/uss/VFXAnchoredProfiler.uss using Guid(6a85159f64dd48b596ff4a73b977c70e) Importer(815301076,1909f56bfc062723c751e8b465ee728b) (PreviewImporter) -> (artifact id: 'd72f372d32021440a3ee832f4461dd15') in 0.011641 seconds
Number of updated asset objects reloaded before import = 0Number of asset objects unloaded after import = 5

========================================================================
Received Import Request.
  Time since last request: 0.000036 seconds.
  path: Packages/com.unity.visualeffectgraph/Editor/Templates/UI/VFXAsset@256.png
  artifactKey: Guid(669d0ad0329ff16448c37408fb036168) Importer(815301076,1909f56bfc062723c751e8b465ee728b)
Start importing Packages/com.unity.visualeffectgraph/Editor/Templates/UI/VFXAsset@256.png using Guid(669d0ad0329ff16448c37408fb036168) Importer(815301076,1909f56bfc062723c751e8b465ee728b) (PreviewImporter) -> (artifact id: '8d00c529f0e3c283e092138448a5d89c') in 0.0178271 seconds
Number of updated asset objects reloaded before import = 0Number of asset objects unloaded after import = 2

Editor requested this worker to shutdown with reason: Scaling down because of idle timeout
AssetImportWorker is now disconnected from the server
Process exiting
Exiting without the bug reporter. Application will terminate with return code 0